12-Nov-2018 12:59:12.706 INFO [main] org.apache.catalina.startup.VersionLoggerListener.log Server version:        Apache Tomcat/9.0.13
12-Nov-2018 12:59:12.708 INFO [main] org.apache.catalina.startup.VersionLoggerListener.log Server built:          Nov 2 2018 14:27:55 UTC
12-Nov-2018 12:59:12.708 INFO [main] org.apache.catalina.startup.VersionLoggerListener.log Server number:         9.0.13.0
12-Nov-2018 12:59:12.708 INFO [main] org.apache.catalina.startup.VersionLoggerListener.log OS Name:               Linux
12-Nov-2018 12:59:12.708 INFO [main] org.apache.catalina.startup.VersionLoggerListener.log OS Version:            4.8.10-300.fc25.x86_64
12-Nov-2018 12:59:12.708 INFO [main] org.apache.catalina.startup.VersionLoggerListener.log Architecture:          amd64
12-Nov-2018 12:59:12.708 INFO [main] org.apache.catalina.startup.VersionLoggerListener.log Java Home:             /usr/lib/jvm/java-1.8.0-openjdk-1.8.0.151-1.b12.fc25.x86_64/jre
12-Nov-2018 12:59:12.709 INFO [main] org.apache.catalina.startup.VersionLoggerListener.log JVM Version:           1.8.0_151-b12
12-Nov-2018 12:59:12.709 INFO [main] org.apache.catalina.startup.VersionLoggerListener.log JVM Vendor:            Oracle Corporation
12-Nov-2018 12:59:12.709 INFO [main] org.apache.catalina.startup.VersionLoggerListener.log CATALINA_BASE:         /home/honorius/projects/dist1/labs/labx/apache-tomcat-9.0.13
12-Nov-2018 12:59:12.709 INFO [main] org.apache.catalina.startup.VersionLoggerListener.log CATALINA_HOME:         /home/honorius/projects/dist1/labs/labx/apache-tomcat-9.0.13
12-Nov-2018 12:59:12.709 INFO [main] org.apache.catalina.startup.VersionLoggerListener.log Command line argument: -Djava.util.logging.config.file=/home/honorius/projects/dist1/labs/labx/tomcat9/conf/logging.properties
12-Nov-2018 12:59:12.709 INFO [main] org.apache.catalina.startup.VersionLoggerListener.log Command line argument: -Djava.util.logging.manager=org.apache.juli.ClassLoaderLogManager
12-Nov-2018 12:59:12.709 INFO [main] org.apache.catalina.startup.VersionLoggerListener.log Command line argument: -Djdk.tls.ephemeralDHKeySize=2048
12-Nov-2018 12:59:12.709 INFO [main] org.apache.catalina.startup.VersionLoggerListener.log Command line argument: -Djava.protocol.handler.pkgs=org.apache.catalina.webresources
12-Nov-2018 12:59:12.709 INFO [main] org.apache.catalina.startup.VersionLoggerListener.log Command line argument: -Dorg.apache.catalina.security.SecurityListener.UMASK=0027
12-Nov-2018 12:59:12.709 INFO [main] org.apache.catalina.startup.VersionLoggerListener.log Command line argument: -Dignore.endorsed.dirs=
12-Nov-2018 12:59:12.710 INFO [main] org.apache.catalina.startup.VersionLoggerListener.log Command line argument: -Dcatalina.base=/home/honorius/projects/dist1/labs/labx/tomcat9
12-Nov-2018 12:59:12.710 INFO [main] org.apache.catalina.startup.VersionLoggerListener.log Command line argument: -Dcatalina.home=/home/honorius/projects/dist1/labs/labx/tomcat9
12-Nov-2018 12:59:12.710 INFO [main] org.apache.catalina.startup.VersionLoggerListener.log Command line argument: -Djava.io.tmpdir=/home/honorius/projects/dist1/labs/labx/tomcat9/temp
12-Nov-2018 12:59:12.710 INFO [main] org.apache.catalina.core.AprLifecycleListener.lifecycleEvent The APR based Apache Tomcat Native library which allows optimal performance in production environments was not found on the java.library.path: [:/usr/local/cuda/lib64:/usr/java/packages/lib/amd64:/usr/lib64:/lib64:/lib:/usr/lib]
12-Nov-2018 12:59:12.782 INFO [main] org.apache.coyote.AbstractProtocol.init Initializing ProtocolHandler ["http-nio-8080"]
12-Nov-2018 12:59:12.798 INFO [main] org.apache.tomcat.util.net.NioSelectorPool.getSharedSelector Using a shared selector for servlet write/read
12-Nov-2018 12:59:12.824 INFO [main] org.apache.coyote.AbstractProtocol.init Initializing ProtocolHandler ["ajp-nio-8009"]
12-Nov-2018 12:59:12.826 INFO [main] org.apache.tomcat.util.net.NioSelectorPool.getSharedSelector Using a shared selector for servlet write/read
12-Nov-2018 12:59:12.827 INFO [main] org.apache.catalina.startup.Catalina.load Initialization processed in 502 ms
12-Nov-2018 12:59:12.857 INFO [main] org.apache.catalina.core.StandardService.startInternal Starting service [Catalina]
12-Nov-2018 12:59:12.857 INFO [main] org.apache.catalina.core.StandardEngine.startInternal Starting Servlet Engine: Apache Tomcat/9.0.13
12-Nov-2018 12:59:12.865 INFO [main] org.apache.catalina.startup.HostConfig.deployDirectory Deploying web application directory [/home/honorius/projects/dist1/labs/labx/apache-tomcat-9.0.13/webapps/docs]
12-Nov-2018 12:59:13.167 INFO [main] org.apache.catalina.startup.HostConfig.deployDirectory Deployment of web application directory [/home/honorius/projects/dist1/labs/labx/apache-tomcat-9.0.13/webapps/docs] has finished in [302] ms
12-Nov-2018 12:59:13.168 INFO [main] org.apache.catalina.startup.HostConfig.deployDirectory Deploying web application directory [/home/honorius/projects/dist1/labs/labx/apache-tomcat-9.0.13/webapps/manager]
12-Nov-2018 12:59:13.198 INFO [main] org.apache.catalina.startup.HostConfig.deployDirectory Deployment of web application directory [/home/honorius/projects/dist1/labs/labx/apache-tomcat-9.0.13/webapps/manager] has finished in [31] ms
12-Nov-2018 12:59:13.199 INFO [main] org.apache.catalina.startup.HostConfig.deployDirectory Deploying web application directory [/home/honorius/projects/dist1/labs/labx/apache-tomcat-9.0.13/webapps/examples]
12-Nov-2018 12:59:13.425 INFO [main] org.apache.catalina.startup.HostConfig.deployDirectory Deployment of web application directory [/home/honorius/projects/dist1/labs/labx/apache-tomcat-9.0.13/webapps/examples] has finished in [226] ms
12-Nov-2018 12:59:13.425 INFO [main] org.apache.catalina.startup.HostConfig.deployDirectory Deploying web application directory [/home/honorius/projects/dist1/labs/labx/apache-tomcat-9.0.13/webapps/ROOT]
12-Nov-2018 12:59:13.440 INFO [main] org.apache.catalina.startup.HostConfig.deployDirectory Deployment of web application directory [/home/honorius/projects/dist1/labs/labx/apache-tomcat-9.0.13/webapps/ROOT] has finished in [15] ms
12-Nov-2018 12:59:13.440 INFO [main] org.apache.catalina.startup.HostConfig.deployDirectory Deploying web application directory [/home/honorius/projects/dist1/labs/labx/apache-tomcat-9.0.13/webapps/host-manager]
12-Nov-2018 12:59:13.457 INFO [main] org.apache.catalina.startup.HostConfig.deployDirectory Deployment of web application directory [/home/honorius/projects/dist1/labs/labx/apache-tomcat-9.0.13/webapps/host-manager] has finished in [17] ms
12-Nov-2018 12:59:13.460 INFO [main] org.apache.coyote.AbstractProtocol.start Starting ProtocolHandler ["http-nio-8080"]
12-Nov-2018 12:59:13.470 INFO [main] org.apache.coyote.AbstractProtocol.start Starting ProtocolHandler ["ajp-nio-8009"]
12-Nov-2018 12:59:13.471 INFO [main] org.apache.catalina.startup.Catalina.start Server startup in 643 ms
12-Nov-2018 12:59:42.754 INFO [main] org.apache.catalina.core.StandardServer.await A valid shutdown command was received via the shutdown port. Stopping the Server instance.
12-Nov-2018 12:59:42.755 INFO [main] org.apache.coyote.AbstractProtocol.pause Pausing ProtocolHandler ["http-nio-8080"]
12-Nov-2018 12:59:42.762 INFO [main] org.apache.coyote.AbstractProtocol.pause Pausing ProtocolHandler ["ajp-nio-8009"]
12-Nov-2018 12:59:42.768 INFO [main] org.apache.catalina.core.StandardService.stopInternal Stopping service [Catalina]
12-Nov-2018 12:59:42.788 INFO [main] org.apache.coyote.AbstractProtocol.stop Stopping ProtocolHandler ["http-nio-8080"]
12-Nov-2018 12:59:42.790 INFO [main] org.apache.coyote.AbstractProtocol.stop Stopping ProtocolHandler ["ajp-nio-8009"]
12-Nov-2018 12:59:42.791 INFO [main] org.apache.coyote.AbstractProtocol.destroy Destroying ProtocolHandler ["http-nio-8080"]
12-Nov-2018 12:59:42.792 INFO [main] org.apache.coyote.AbstractProtocol.destroy Destroying ProtocolHandler ["ajp-nio-8009"]
12-Nov-2018 13:25:43.513 INFO [main] org.apache.catalina.startup.VersionLoggerListener.log Server version:        Apache Tomcat/9.0.13
12-Nov-2018 13:25:43.516 INFO [main] org.apache.catalina.startup.VersionLoggerListener.log Server built:          Nov 2 2018 14:27:55 UTC
12-Nov-2018 13:25:43.516 INFO [main] org.apache.catalina.startup.VersionLoggerListener.log Server number:         9.0.13.0
12-Nov-2018 13:25:43.516 INFO [main] org.apache.catalina.startup.VersionLoggerListener.log OS Name:               Linux
12-Nov-2018 13:25:43.516 INFO [main] org.apache.catalina.startup.VersionLoggerListener.log OS Version:            4.8.10-300.fc25.x86_64
12-Nov-2018 13:25:43.516 INFO [main] org.apache.catalina.startup.VersionLoggerListener.log Architecture:          amd64
12-Nov-2018 13:25:43.516 INFO [main] org.apache.catalina.startup.VersionLoggerListener.log Java Home:             /usr/lib/jvm/java-1.8.0-openjdk-1.8.0.151-1.b12.fc25.x86_64/jre
12-Nov-2018 13:25:43.516 INFO [main] org.apache.catalina.startup.VersionLoggerListener.log JVM Version:           1.8.0_151-b12
12-Nov-2018 13:25:43.516 INFO [main] org.apache.catalina.startup.VersionLoggerListener.log JVM Vendor:            Oracle Corporation
12-Nov-2018 13:25:43.516 INFO [main] org.apache.catalina.startup.VersionLoggerListener.log CATALINA_BASE:         /home/honorius/projects/dist1/labs/labx/apache-tomcat-9.0.13
12-Nov-2018 13:25:43.517 INFO [main] org.apache.catalina.startup.VersionLoggerListener.log CATALINA_HOME:         /home/honorius/projects/dist1/labs/labx/apache-tomcat-9.0.13
12-Nov-2018 13:25:43.517 INFO [main] org.apache.catalina.startup.VersionLoggerListener.log Command line argument: -Djava.util.logging.config.file=/home/honorius/projects/dist1/labs/labx/apache-tomcat-9.0.13/conf/logging.properties
12-Nov-2018 13:25:43.517 INFO [main] org.apache.catalina.startup.VersionLoggerListener.log Command line argument: -Djava.util.logging.manager=org.apache.juli.ClassLoaderLogManager
12-Nov-2018 13:25:43.517 INFO [main] org.apache.catalina.startup.VersionLoggerListener.log Command line argument: -Djdk.tls.ephemeralDHKeySize=2048
12-Nov-2018 13:25:43.517 INFO [main] org.apache.catalina.startup.VersionLoggerListener.log Command line argument: -Djava.protocol.handler.pkgs=org.apache.catalina.webresources
12-Nov-2018 13:25:43.517 INFO [main] org.apache.catalina.startup.VersionLoggerListener.log Command line argument: -Dorg.apache.catalina.security.SecurityListener.UMASK=0027
12-Nov-2018 13:25:43.517 INFO [main] org.apache.catalina.startup.VersionLoggerListener.log Command line argument: -Dignore.endorsed.dirs=
12-Nov-2018 13:25:43.517 INFO [main] org.apache.catalina.startup.VersionLoggerListener.log Command line argument: -Dcatalina.base=/home/honorius/projects/dist1/labs/labx/apache-tomcat-9.0.13
12-Nov-2018 13:25:43.517 INFO [main] org.apache.catalina.startup.VersionLoggerListener.log Command line argument: -Dcatalina.home=/home/honorius/projects/dist1/labs/labx/apache-tomcat-9.0.13
12-Nov-2018 13:25:43.517 INFO [main] org.apache.catalina.startup.VersionLoggerListener.log Command line argument: -Djava.io.tmpdir=/home/honorius/projects/dist1/labs/labx/apache-tomcat-9.0.13/temp
12-Nov-2018 13:25:43.517 INFO [main] org.apache.catalina.core.AprLifecycleListener.lifecycleEvent The APR based Apache Tomcat Native library which allows optimal performance in production environments was not found on the java.library.path: [:/usr/local/cuda/lib64:/usr/java/packages/lib/amd64:/usr/lib64:/lib64:/lib:/usr/lib]
12-Nov-2018 13:25:43.576 INFO [main] org.apache.coyote.AbstractProtocol.init Initializing ProtocolHandler ["http-nio-8080"]
12-Nov-2018 13:25:43.588 INFO [main] org.apache.tomcat.util.net.NioSelectorPool.getSharedSelector Using a shared selector for servlet write/read
12-Nov-2018 13:25:43.600 INFO [main] org.apache.coyote.AbstractProtocol.init Initializing ProtocolHandler ["ajp-nio-8009"]
12-Nov-2018 13:25:43.602 INFO [main] org.apache.tomcat.util.net.NioSelectorPool.getSharedSelector Using a shared selector for servlet write/read
12-Nov-2018 13:25:43.603 INFO [main] org.apache.catalina.startup.Catalina.load Initialization processed in 433 ms
12-Nov-2018 13:25:43.631 INFO [main] org.apache.catalina.core.StandardService.startInternal Starting service [Catalina]
12-Nov-2018 13:25:43.631 INFO [main] org.apache.catalina.core.StandardEngine.startInternal Starting Servlet Engine: Apache Tomcat/9.0.13
12-Nov-2018 13:25:43.651 INFO [main] org.apache.catalina.startup.HostConfig.deployWAR Deploying web application archive [/home/honorius/projects/dist1/labs/labx/apache-tomcat-9.0.13/webapps/myservlet.war]
12-Nov-2018 13:25:43.937 INFO [main] org.apache.catalina.startup.HostConfig.deployWAR Deployment of web application archive [/home/honorius/projects/dist1/labs/labx/apache-tomcat-9.0.13/webapps/myservlet.war] has finished in [285] ms
12-Nov-2018 13:25:43.937 INFO [main] org.apache.catalina.startup.HostConfig.deployDirectory Deploying web application directory [/home/honorius/projects/dist1/labs/labx/apache-tomcat-9.0.13/webapps/docs]
12-Nov-2018 13:25:43.953 INFO [main] org.apache.catalina.startup.HostConfig.deployDirectory Deployment of web application directory [/home/honorius/projects/dist1/labs/labx/apache-tomcat-9.0.13/webapps/docs] has finished in [16] ms
12-Nov-2018 13:25:43.953 INFO [main] org.apache.catalina.startup.HostConfig.deployDirectory Deploying web application directory [/home/honorius/projects/dist1/labs/labx/apache-tomcat-9.0.13/webapps/manager]
12-Nov-2018 13:25:43.978 INFO [main] org.apache.catalina.startup.HostConfig.deployDirectory Deployment of web application directory [/home/honorius/projects/dist1/labs/labx/apache-tomcat-9.0.13/webapps/manager] has finished in [25] ms
12-Nov-2018 13:25:43.978 INFO [main] org.apache.catalina.startup.HostConfig.deployDirectory Deploying web application directory [/home/honorius/projects/dist1/labs/labx/apache-tomcat-9.0.13/webapps/examples]
12-Nov-2018 13:25:44.177 INFO [main] org.apache.catalina.startup.HostConfig.deployDirectory Deployment of web application directory [/home/honorius/projects/dist1/labs/labx/apache-tomcat-9.0.13/webapps/examples] has finished in [199] ms
12-Nov-2018 13:25:44.178 INFO [main] org.apache.catalina.startup.HostConfig.deployDirectory Deploying web application directory [/home/honorius/projects/dist1/labs/labx/apache-tomcat-9.0.13/webapps/ROOT]
12-Nov-2018 13:25:44.192 INFO [main] org.apache.catalina.startup.HostConfig.deployDirectory Deployment of web application directory [/home/honorius/projects/dist1/labs/labx/apache-tomcat-9.0.13/webapps/ROOT] has finished in [14] ms
12-Nov-2018 13:25:44.193 INFO [main] org.apache.catalina.startup.HostConfig.deployDirectory Deploying web application directory [/home/honorius/projects/dist1/labs/labx/apache-tomcat-9.0.13/webapps/host-manager]
12-Nov-2018 13:25:44.209 INFO [main] org.apache.catalina.startup.HostConfig.deployDirectory Deployment of web application directory [/home/honorius/projects/dist1/labs/labx/apache-tomcat-9.0.13/webapps/host-manager] has finished in [17] ms
12-Nov-2018 13:25:44.211 INFO [main] org.apache.coyote.AbstractProtocol.start Starting ProtocolHandler ["http-nio-8080"]
12-Nov-2018 13:25:44.218 INFO [main] org.apache.coyote.AbstractProtocol.start Starting ProtocolHandler ["ajp-nio-8009"]
12-Nov-2018 13:25:44.220 INFO [main] org.apache.catalina.startup.Catalina.start Server startup in 617 ms
12-Nov-2018 13:28:53.935 INFO [main] org.apache.catalina.core.StandardServer.await A valid shutdown command was received via the shutdown port. Stopping the Server instance.
12-Nov-2018 13:28:53.935 INFO [main] org.apache.coyote.AbstractProtocol.pause Pausing ProtocolHandler ["http-nio-8080"]
12-Nov-2018 13:28:53.943 INFO [main] org.apache.coyote.AbstractProtocol.pause Pausing ProtocolHandler ["ajp-nio-8009"]
12-Nov-2018 13:28:53.948 INFO [main] org.apache.catalina.core.StandardService.stopInternal Stopping service [Catalina]
12-Nov-2018 13:28:53.973 INFO [main] org.apache.coyote.AbstractProtocol.stop Stopping ProtocolHandler ["http-nio-8080"]
12-Nov-2018 13:28:53.974 INFO [main] org.apache.coyote.AbstractProtocol.stop Stopping ProtocolHandler ["ajp-nio-8009"]
12-Nov-2018 13:28:53.985 INFO [main] org.apache.coyote.AbstractProtocol.destroy Destroying ProtocolHandler ["http-nio-8080"]
12-Nov-2018 13:28:53.986 INFO [main] org.apache.coyote.AbstractProtocol.destroy Destroying ProtocolHandler ["ajp-nio-8009"]
12-Nov-2018 13:33:35.769 INFO [main] org.apache.catalina.startup.VersionLoggerListener.log Server version:        Apache Tomcat/9.0.13
12-Nov-2018 13:33:35.772 INFO [main] org.apache.catalina.startup.VersionLoggerListener.log Server built:          Nov 2 2018 14:27:55 UTC
12-Nov-2018 13:33:35.772 INFO [main] org.apache.catalina.startup.VersionLoggerListener.log Server number:         9.0.13.0
12-Nov-2018 13:33:35.772 INFO [main] org.apache.catalina.startup.VersionLoggerListener.log OS Name:               Linux
12-Nov-2018 13:33:35.772 INFO [main] org.apache.catalina.startup.VersionLoggerListener.log OS Version:            4.8.10-300.fc25.x86_64
12-Nov-2018 13:33:35.772 INFO [main] org.apache.catalina.startup.VersionLoggerListener.log Architecture:          amd64
12-Nov-2018 13:33:35.772 INFO [main] org.apache.catalina.startup.VersionLoggerListener.log Java Home:             /usr/lib/jvm/java-1.8.0-openjdk-1.8.0.151-1.b12.fc25.x86_64/jre
12-Nov-2018 13:33:35.772 INFO [main] org.apache.catalina.startup.VersionLoggerListener.log JVM Version:           1.8.0_151-b12
12-Nov-2018 13:33:35.772 INFO [main] org.apache.catalina.startup.VersionLoggerListener.log JVM Vendor:            Oracle Corporation
12-Nov-2018 13:33:35.772 INFO [main] org.apache.catalina.startup.VersionLoggerListener.log CATALINA_BASE:         /home/honorius/projects/dist1/labs/labx/apache-tomcat-9.0.13
12-Nov-2018 13:33:35.773 INFO [main] org.apache.catalina.startup.VersionLoggerListener.log CATALINA_HOME:         /home/honorius/projects/dist1/labs/labx/apache-tomcat-9.0.13
12-Nov-2018 13:33:35.773 INFO [main] org.apache.catalina.startup.VersionLoggerListener.log Command line argument: -Djava.util.logging.config.file=/home/honorius/projects/dist1/labs/labx/apache-tomcat-9.0.13/conf/logging.properties
12-Nov-2018 13:33:35.773 INFO [main] org.apache.catalina.startup.VersionLoggerListener.log Command line argument: -Djava.util.logging.manager=org.apache.juli.ClassLoaderLogManager
12-Nov-2018 13:33:35.773 INFO [main] org.apache.catalina.startup.VersionLoggerListener.log Command line argument: -Djdk.tls.ephemeralDHKeySize=2048
12-Nov-2018 13:33:35.773 INFO [main] org.apache.catalina.startup.VersionLoggerListener.log Command line argument: -Djava.protocol.handler.pkgs=org.apache.catalina.webresources
12-Nov-2018 13:33:35.773 INFO [main] org.apache.catalina.startup.VersionLoggerListener.log Command line argument: -Dorg.apache.catalina.security.SecurityListener.UMASK=0027
12-Nov-2018 13:33:35.773 INFO [main] org.apache.catalina.startup.VersionLoggerListener.log Command line argument: -Dignore.endorsed.dirs=
12-Nov-2018 13:33:35.774 INFO [main] org.apache.catalina.startup.VersionLoggerListener.log Command line argument: -Dcatalina.base=/home/honorius/projects/dist1/labs/labx/apache-tomcat-9.0.13
12-Nov-2018 13:33:35.774 INFO [main] org.apache.catalina.startup.VersionLoggerListener.log Command line argument: -Dcatalina.home=/home/honorius/projects/dist1/labs/labx/apache-tomcat-9.0.13
12-Nov-2018 13:33:35.774 INFO [main] org.apache.catalina.startup.VersionLoggerListener.log Command line argument: -Djava.io.tmpdir=/home/honorius/projects/dist1/labs/labx/apache-tomcat-9.0.13/temp
12-Nov-2018 13:33:35.774 INFO [main] org.apache.catalina.core.AprLifecycleListener.lifecycleEvent The APR based Apache Tomcat Native library which allows optimal performance in production environments was not found on the java.library.path: [:/usr/local/cuda/lib64:/usr/java/packages/lib/amd64:/usr/lib64:/lib64:/lib:/usr/lib]
12-Nov-2018 13:33:35.839 INFO [main] org.apache.coyote.AbstractProtocol.init Initializing ProtocolHandler ["http-nio-8080"]
12-Nov-2018 13:33:35.851 INFO [main] org.apache.tomcat.util.net.NioSelectorPool.getSharedSelector Using a shared selector for servlet write/read
12-Nov-2018 13:33:35.863 INFO [main] org.apache.coyote.AbstractProtocol.init Initializing ProtocolHandler ["ajp-nio-8009"]
12-Nov-2018 13:33:35.864 INFO [main] org.apache.tomcat.util.net.NioSelectorPool.getSharedSelector Using a shared selector for servlet write/read
12-Nov-2018 13:33:35.865 INFO [main] org.apache.catalina.startup.Catalina.load Initialization processed in 441 ms
12-Nov-2018 13:33:35.893 INFO [main] org.apache.catalina.core.StandardService.startInternal Starting service [Catalina]
12-Nov-2018 13:33:35.893 INFO [main] org.apache.catalina.core.StandardEngine.startInternal Starting Servlet Engine: Apache Tomcat/9.0.13
12-Nov-2018 13:33:35.911 INFO [main] org.apache.catalina.startup.HostConfig.deployWAR Deploying web application archive [/home/honorius/projects/dist1/labs/labx/apache-tomcat-9.0.13/webapps/myservlet.war]
12-Nov-2018 13:33:36.188 INFO [main] org.apache.catalina.startup.HostConfig.deployWAR Deployment of web application archive [/home/honorius/projects/dist1/labs/labx/apache-tomcat-9.0.13/webapps/myservlet.war] has finished in [277] ms
12-Nov-2018 13:33:36.188 INFO [main] org.apache.catalina.startup.HostConfig.deployWAR Deploying web application archive [/home/honorius/projects/dist1/labs/labx/apache-tomcat-9.0.13/webapps/asyncservlet.war]
12-Nov-2018 13:33:36.213 INFO [main] org.apache.catalina.startup.HostConfig.deployWAR Deployment of web application archive [/home/honorius/projects/dist1/labs/labx/apache-tomcat-9.0.13/webapps/asyncservlet.war] has finished in [25] ms
12-Nov-2018 13:33:36.214 INFO [main] org.apache.catalina.startup.HostConfig.deployDirectory Deploying web application directory [/home/honorius/projects/dist1/labs/labx/apache-tomcat-9.0.13/webapps/docs]
12-Nov-2018 13:33:36.229 INFO [main] org.apache.catalina.startup.HostConfig.deployDirectory Deployment of web application directory [/home/honorius/projects/dist1/labs/labx/apache-tomcat-9.0.13/webapps/docs] has finished in [16] ms
12-Nov-2018 13:33:36.229 INFO [main] org.apache.catalina.startup.HostConfig.deployDirectory Deploying web application directory [/home/honorius/projects/dist1/labs/labx/apache-tomcat-9.0.13/webapps/manager]
12-Nov-2018 13:33:36.255 INFO [main] org.apache.catalina.startup.HostConfig.deployDirectory Deployment of web application directory [/home/honorius/projects/dist1/labs/labx/apache-tomcat-9.0.13/webapps/manager] has finished in [26] ms
12-Nov-2018 13:33:36.255 INFO [main] org.apache.catalina.startup.HostConfig.deployDirectory Deploying web application directory [/home/honorius/projects/dist1/labs/labx/apache-tomcat-9.0.13/webapps/examples]
12-Nov-2018 13:33:36.451 INFO [main] org.apache.catalina.startup.HostConfig.deployDirectory Deployment of web application directory [/home/honorius/projects/dist1/labs/labx/apache-tomcat-9.0.13/webapps/examples] has finished in [196] ms
12-Nov-2018 13:33:36.452 INFO [main] org.apache.catalina.startup.HostConfig.deployDirectory Deploying web application directory [/home/honorius/projects/dist1/labs/labx/apache-tomcat-9.0.13/webapps/ROOT]
12-Nov-2018 13:33:36.466 INFO [main] org.apache.catalina.startup.HostConfig.deployDirectory Deployment of web application directory [/home/honorius/projects/dist1/labs/labx/apache-tomcat-9.0.13/webapps/ROOT] has finished in [14] ms
12-Nov-2018 13:33:36.467 INFO [main] org.apache.catalina.startup.HostConfig.deployDirectory Deploying web application directory [/home/honorius/projects/dist1/labs/labx/apache-tomcat-9.0.13/webapps/host-manager]
12-Nov-2018 13:33:36.484 INFO [main] org.apache.catalina.startup.HostConfig.deployDirectory Deployment of web application directory [/home/honorius/projects/dist1/labs/labx/apache-tomcat-9.0.13/webapps/host-manager] has finished in [17] ms
12-Nov-2018 13:33:36.487 INFO [main] org.apache.coyote.AbstractProtocol.start Starting ProtocolHandler ["http-nio-8080"]
12-Nov-2018 13:33:36.494 INFO [main] org.apache.coyote.AbstractProtocol.start Starting ProtocolHandler ["ajp-nio-8009"]
12-Nov-2018 13:33:36.495 INFO [main] org.apache.catalina.startup.Catalina.start Server startup in 629 ms
12-Nov-2018 13:34:04.037 INFO [main] org.apache.catalina.core.StandardServer.await A valid shutdown command was received via the shutdown port. Stopping the Server instance.
12-Nov-2018 13:34:04.038 INFO [main] org.apache.coyote.AbstractProtocol.pause Pausing ProtocolHandler ["http-nio-8080"]
12-Nov-2018 13:34:04.046 INFO [main] org.apache.coyote.AbstractProtocol.pause Pausing ProtocolHandler ["ajp-nio-8009"]
12-Nov-2018 13:34:04.052 INFO [main] org.apache.catalina.core.StandardService.stopInternal Stopping service [Catalina]
12-Nov-2018 13:34:04.088 INFO [main] org.apache.coyote.AbstractProtocol.stop Stopping ProtocolHandler ["http-nio-8080"]
12-Nov-2018 13:34:04.090 INFO [main] org.apache.coyote.AbstractProtocol.stop Stopping ProtocolHandler ["ajp-nio-8009"]
12-Nov-2018 13:34:04.091 INFO [main] org.apache.coyote.AbstractProtocol.destroy Destroying ProtocolHandler ["http-nio-8080"]
12-Nov-2018 13:34:04.092 INFO [main] org.apache.coyote.AbstractProtocol.destroy Destroying ProtocolHandler ["ajp-nio-8009"]
12-Nov-2018 13:34:41.289 INFO [main] org.apache.catalina.startup.VersionLoggerListener.log Server version:        Apache Tomcat/9.0.13
12-Nov-2018 13:34:41.292 INFO [main] org.apache.catalina.startup.VersionLoggerListener.log Server built:          Nov 2 2018 14:27:55 UTC
12-Nov-2018 13:34:41.292 INFO [main] org.apache.catalina.startup.VersionLoggerListener.log Server number:         9.0.13.0
12-Nov-2018 13:34:41.292 INFO [main] org.apache.catalina.startup.VersionLoggerListener.log OS Name:               Linux
12-Nov-2018 13:34:41.292 INFO [main] org.apache.catalina.startup.VersionLoggerListener.log OS Version:            4.8.10-300.fc25.x86_64
12-Nov-2018 13:34:41.292 INFO [main] org.apache.catalina.startup.VersionLoggerListener.log Architecture:          amd64
12-Nov-2018 13:34:41.292 INFO [main] org.apache.catalina.startup.VersionLoggerListener.log Java Home:             /usr/lib/jvm/java-1.8.0-openjdk-1.8.0.151-1.b12.fc25.x86_64/jre
12-Nov-2018 13:34:41.292 INFO [main] org.apache.catalina.startup.VersionLoggerListener.log JVM Version:           1.8.0_151-b12
12-Nov-2018 13:34:41.293 INFO [main] org.apache.catalina.startup.VersionLoggerListener.log JVM Vendor:            Oracle Corporation
12-Nov-2018 13:34:41.293 INFO [main] org.apache.catalina.startup.VersionLoggerListener.log CATALINA_BASE:         /home/honorius/projects/dist1/labs/labx/apache-tomcat-9.0.13
12-Nov-2018 13:34:41.293 INFO [main] org.apache.catalina.startup.VersionLoggerListener.log CATALINA_HOME:         /home/honorius/projects/dist1/labs/labx/apache-tomcat-9.0.13
12-Nov-2018 13:34:41.293 INFO [main] org.apache.catalina.startup.VersionLoggerListener.log Command line argument: -Djava.util.logging.config.file=/home/honorius/projects/dist1/labs/labx/apache-tomcat-9.0.13/conf/logging.properties
12-Nov-2018 13:34:41.293 INFO [main] org.apache.catalina.startup.VersionLoggerListener.log Command line argument: -Djava.util.logging.manager=org.apache.juli.ClassLoaderLogManager
12-Nov-2018 13:34:41.293 INFO [main] org.apache.catalina.startup.VersionLoggerListener.log Command line argument: -Djdk.tls.ephemeralDHKeySize=2048
12-Nov-2018 13:34:41.293 INFO [main] org.apache.catalina.startup.VersionLoggerListener.log Command line argument: -Djava.protocol.handler.pkgs=org.apache.catalina.webresources
12-Nov-2018 13:34:41.293 INFO [main] org.apache.catalina.startup.VersionLoggerListener.log Command line argument: -Dorg.apache.catalina.security.SecurityListener.UMASK=0027
12-Nov-2018 13:34:41.294 INFO [main] org.apache.catalina.startup.VersionLoggerListener.log Command line argument: -Dignore.endorsed.dirs=
12-Nov-2018 13:34:41.294 INFO [main] org.apache.catalina.startup.VersionLoggerListener.log Command line argument: -Dcatalina.base=/home/honorius/projects/dist1/labs/labx/apache-tomcat-9.0.13
12-Nov-2018 13:34:41.294 INFO [main] org.apache.catalina.startup.VersionLoggerListener.log Command line argument: -Dcatalina.home=/home/honorius/projects/dist1/labs/labx/apache-tomcat-9.0.13
12-Nov-2018 13:34:41.294 INFO [main] org.apache.catalina.startup.VersionLoggerListener.log Command line argument: -Djava.io.tmpdir=/home/honorius/projects/dist1/labs/labx/apache-tomcat-9.0.13/temp
12-Nov-2018 13:34:41.294 INFO [main] org.apache.catalina.core.AprLifecycleListener.lifecycleEvent The APR based Apache Tomcat Native library which allows optimal performance in production environments was not found on the java.library.path: [:/usr/local/cuda/lib64:/usr/java/packages/lib/amd64:/usr/lib64:/lib64:/lib:/usr/lib]
12-Nov-2018 13:34:41.366 INFO [main] org.apache.coyote.AbstractProtocol.init Initializing ProtocolHandler ["http-nio-8080"]
12-Nov-2018 13:34:41.380 INFO [main] org.apache.tomcat.util.net.NioSelectorPool.getSharedSelector Using a shared selector for servlet write/read
12-Nov-2018 13:34:41.393 INFO [main] org.apache.coyote.AbstractProtocol.init Initializing ProtocolHandler ["ajp-nio-8009"]
12-Nov-2018 13:34:41.394 INFO [main] org.apache.tomcat.util.net.NioSelectorPool.getSharedSelector Using a shared selector for servlet write/read
12-Nov-2018 13:34:41.396 INFO [main] org.apache.catalina.startup.Catalina.load Initialization processed in 454 ms
12-Nov-2018 13:34:41.427 INFO [main] org.apache.catalina.core.StandardService.startInternal Starting service [Catalina]
12-Nov-2018 13:34:41.427 INFO [main] org.apache.catalina.core.StandardEngine.startInternal Starting Servlet Engine: Apache Tomcat/9.0.13
12-Nov-2018 13:34:41.448 INFO [main] org.apache.catalina.startup.HostConfig.deployWAR Deploying web application archive [/home/honorius/projects/dist1/labs/labx/apache-tomcat-9.0.13/webapps/myservlet.war]
12-Nov-2018 13:34:41.731 INFO [main] org.apache.catalina.startup.HostConfig.deployWAR Deployment of web application archive [/home/honorius/projects/dist1/labs/labx/apache-tomcat-9.0.13/webapps/myservlet.war] has finished in [283] ms
12-Nov-2018 13:34:41.732 INFO [main] org.apache.catalina.startup.HostConfig.deployWAR Deploying web application archive [/home/honorius/projects/dist1/labs/labx/apache-tomcat-9.0.13/webapps/asyncservlet.war]
12-Nov-2018 13:34:41.735 INFO [main] org.apache.catalina.startup.ExpandWar.expand An expanded directory [/home/honorius/projects/dist1/labs/labx/apache-tomcat-9.0.13/webapps/asyncservlet] was found with a last modified time that did not match the associated WAR. It will be deleted.
12-Nov-2018 13:34:41.756 INFO [main] org.apache.catalina.startup.HostConfig.deployWAR Deployment of web application archive [/home/honorius/projects/dist1/labs/labx/apache-tomcat-9.0.13/webapps/asyncservlet.war] has finished in [24] ms
12-Nov-2018 13:34:41.757 INFO [main] org.apache.catalina.startup.HostConfig.deployDirectory Deploying web application directory [/home/honorius/projects/dist1/labs/labx/apache-tomcat-9.0.13/webapps/docs]
12-Nov-2018 13:34:41.772 INFO [main] org.apache.catalina.startup.HostConfig.deployDirectory Deployment of web application directory [/home/honorius/projects/dist1/labs/labx/apache-tomcat-9.0.13/webapps/docs] has finished in [15] ms
12-Nov-2018 13:34:41.772 INFO [main] org.apache.catalina.startup.HostConfig.deployDirectory Deploying web application directory [/home/honorius/projects/dist1/labs/labx/apache-tomcat-9.0.13/webapps/manager]
12-Nov-2018 13:34:41.798 INFO [main] org.apache.catalina.startup.HostConfig.deployDirectory Deployment of web application directory [/home/honorius/projects/dist1/labs/labx/apache-tomcat-9.0.13/webapps/manager] has finished in [26] ms
12-Nov-2018 13:34:41.798 INFO [main] org.apache.catalina.startup.HostConfig.deployDirectory Deploying web application directory [/home/honorius/projects/dist1/labs/labx/apache-tomcat-9.0.13/webapps/examples]
12-Nov-2018 13:34:42.001 INFO [main] org.apache.catalina.startup.HostConfig.deployDirectory Deployment of web application directory [/home/honorius/projects/dist1/labs/labx/apache-tomcat-9.0.13/webapps/examples] has finished in [202] ms
12-Nov-2018 13:34:42.001 INFO [main] org.apache.catalina.startup.HostConfig.deployDirectory Deploying web application directory [/home/honorius/projects/dist1/labs/labx/apache-tomcat-9.0.13/webapps/ROOT]
12-Nov-2018 13:34:42.015 INFO [main] org.apache.catalina.startup.HostConfig.deployDirectory Deployment of web application directory [/home/honorius/projects/dist1/labs/labx/apache-tomcat-9.0.13/webapps/ROOT] has finished in [14] ms
12-Nov-2018 13:34:42.016 INFO [main] org.apache.catalina.startup.HostConfig.deployDirectory Deploying web application directory [/home/honorius/projects/dist1/labs/labx/apache-tomcat-9.0.13/webapps/host-manager]
12-Nov-2018 13:34:42.031 INFO [main] org.apache.catalina.startup.HostConfig.deployDirectory Deployment of web application directory [/home/honorius/projects/dist1/labs/labx/apache-tomcat-9.0.13/webapps/host-manager] has finished in [16] ms
12-Nov-2018 13:34:42.035 INFO [main] org.apache.coyote.AbstractProtocol.start Starting ProtocolHandler ["http-nio-8080"]
12-Nov-2018 13:34:42.043 INFO [main] org.apache.coyote.AbstractProtocol.start Starting ProtocolHandler ["ajp-nio-8009"]
12-Nov-2018 13:34:42.046 INFO [main] org.apache.catalina.startup.Catalina.start Server startup in 650 ms
12-Nov-2018 13:35:25.275 INFO [main] org.apache.catalina.core.StandardServer.await A valid shutdown command was received via the shutdown port. Stopping the Server instance.
12-Nov-2018 13:35:25.275 INFO [main] org.apache.coyote.AbstractProtocol.pause Pausing ProtocolHandler ["http-nio-8080"]
12-Nov-2018 13:35:25.278 INFO [main] org.apache.coyote.AbstractProtocol.pause Pausing ProtocolHandler ["ajp-nio-8009"]
12-Nov-2018 13:35:25.284 INFO [main] org.apache.catalina.core.StandardService.stopInternal Stopping service [Catalina]
12-Nov-2018 13:35:25.321 INFO [main] org.apache.coyote.AbstractProtocol.stop Stopping ProtocolHandler ["http-nio-8080"]
12-Nov-2018 13:35:25.323 INFO [main] org.apache.coyote.AbstractProtocol.stop Stopping ProtocolHandler ["ajp-nio-8009"]
12-Nov-2018 13:35:25.325 INFO [main] org.apache.coyote.AbstractProtocol.destroy Destroying ProtocolHandler ["http-nio-8080"]
12-Nov-2018 13:35:25.325 INFO [main] org.apache.coyote.AbstractProtocol.destroy Destroying ProtocolHandler ["ajp-nio-8009"]
12-Nov-2018 13:35:38.605 INFO [main] org.apache.catalina.startup.VersionLoggerListener.log Server version:        Apache Tomcat/9.0.13
12-Nov-2018 13:35:38.607 INFO [main] org.apache.catalina.startup.VersionLoggerListener.log Server built:          Nov 2 2018 14:27:55 UTC
12-Nov-2018 13:35:38.608 INFO [main] org.apache.catalina.startup.VersionLoggerListener.log Server number:         9.0.13.0
12-Nov-2018 13:35:38.608 INFO [main] org.apache.catalina.startup.VersionLoggerListener.log OS Name:               Linux
12-Nov-2018 13:35:38.608 INFO [main] org.apache.catalina.startup.VersionLoggerListener.log OS Version:            4.8.10-300.fc25.x86_64
12-Nov-2018 13:35:38.608 INFO [main] org.apache.catalina.startup.VersionLoggerListener.log Architecture:          amd64
12-Nov-2018 13:35:38.608 INFO [main] org.apache.catalina.startup.VersionLoggerListener.log Java Home:             /usr/lib/jvm/java-1.8.0-openjdk-1.8.0.151-1.b12.fc25.x86_64/jre
12-Nov-2018 13:35:38.608 INFO [main] org.apache.catalina.startup.VersionLoggerListener.log JVM Version:           1.8.0_151-b12
12-Nov-2018 13:35:38.608 INFO [main] org.apache.catalina.startup.VersionLoggerListener.log JVM Vendor:            Oracle Corporation
12-Nov-2018 13:35:38.608 INFO [main] org.apache.catalina.startup.VersionLoggerListener.log CATALINA_BASE:         /home/honorius/projects/dist1/labs/labx/apache-tomcat-9.0.13
12-Nov-2018 13:35:38.609 INFO [main] org.apache.catalina.startup.VersionLoggerListener.log CATALINA_HOME:         /home/honorius/projects/dist1/labs/labx/apache-tomcat-9.0.13
12-Nov-2018 13:35:38.609 INFO [main] org.apache.catalina.startup.VersionLoggerListener.log Command line argument: -Djava.util.logging.config.file=/home/honorius/projects/dist1/labs/labx/apache-tomcat-9.0.13/conf/logging.properties
12-Nov-2018 13:35:38.609 INFO [main] org.apache.catalina.startup.VersionLoggerListener.log Command line argument: -Djava.util.logging.manager=org.apache.juli.ClassLoaderLogManager
12-Nov-2018 13:35:38.609 INFO [main] org.apache.catalina.startup.VersionLoggerListener.log Command line argument: -Djdk.tls.ephemeralDHKeySize=2048
12-Nov-2018 13:35:38.609 INFO [main] org.apache.catalina.startup.VersionLoggerListener.log Command line argument: -Djava.protocol.handler.pkgs=org.apache.catalina.webresources
12-Nov-2018 13:35:38.609 INFO [main] org.apache.catalina.startup.VersionLoggerListener.log Command line argument: -Dorg.apache.catalina.security.SecurityListener.UMASK=0027
12-Nov-2018 13:35:38.609 INFO [main] org.apache.catalina.startup.VersionLoggerListener.log Command line argument: -Dignore.endorsed.dirs=
12-Nov-2018 13:35:38.609 INFO [main] org.apache.catalina.startup.VersionLoggerListener.log Command line argument: -Dcatalina.base=/home/honorius/projects/dist1/labs/labx/apache-tomcat-9.0.13
12-Nov-2018 13:35:38.609 INFO [main] org.apache.catalina.startup.VersionLoggerListener.log Command line argument: -Dcatalina.home=/home/honorius/projects/dist1/labs/labx/apache-tomcat-9.0.13
12-Nov-2018 13:35:38.610 INFO [main] org.apache.catalina.startup.VersionLoggerListener.log Command line argument: -Djava.io.tmpdir=/home/honorius/projects/dist1/labs/labx/apache-tomcat-9.0.13/temp
12-Nov-2018 13:35:38.610 INFO [main] org.apache.catalina.core.AprLifecycleListener.lifecycleEvent The APR based Apache Tomcat Native library which allows optimal performance in production environments was not found on the java.library.path: [:/usr/local/cuda/lib64:/usr/java/packages/lib/amd64:/usr/lib64:/lib64:/lib:/usr/lib]
12-Nov-2018 13:35:38.669 INFO [main] org.apache.coyote.AbstractProtocol.init Initializing ProtocolHandler ["http-nio-8080"]
12-Nov-2018 13:35:38.681 INFO [main] org.apache.tomcat.util.net.NioSelectorPool.getSharedSelector Using a shared selector for servlet write/read
12-Nov-2018 13:35:38.692 INFO [main] org.apache.coyote.AbstractProtocol.init Initializing ProtocolHandler ["ajp-nio-8009"]
12-Nov-2018 13:35:38.693 INFO [main] org.apache.tomcat.util.net.NioSelectorPool.getSharedSelector Using a shared selector for servlet write/read
12-Nov-2018 13:35:38.694 INFO [main] org.apache.catalina.startup.Catalina.load Initialization processed in 434 ms
12-Nov-2018 13:35:38.721 INFO [main] org.apache.catalina.core.StandardService.startInternal Starting service [Catalina]
12-Nov-2018 13:35:38.721 INFO [main] org.apache.catalina.core.StandardEngine.startInternal Starting Servlet Engine: Apache Tomcat/9.0.13
12-Nov-2018 13:35:38.740 INFO [main] org.apache.catalina.startup.HostConfig.deployWAR Deploying web application archive [/home/honorius/projects/dist1/labs/labx/apache-tomcat-9.0.13/webapps/myservlet.war]
12-Nov-2018 13:35:39.042 INFO [main] org.apache.catalina.startup.HostConfig.deployWAR Deployment of web application archive [/home/honorius/projects/dist1/labs/labx/apache-tomcat-9.0.13/webapps/myservlet.war] has finished in [302] ms
12-Nov-2018 13:35:39.043 INFO [main] org.apache.catalina.startup.HostConfig.deployWAR Deploying web application archive [/home/honorius/projects/dist1/labs/labx/apache-tomcat-9.0.13/webapps/asyncservlet.war]
12-Nov-2018 13:35:39.065 INFO [main] org.apache.catalina.startup.HostConfig.deployWAR Deployment of web application archive [/home/honorius/projects/dist1/labs/labx/apache-tomcat-9.0.13/webapps/asyncservlet.war] has finished in [21] ms
12-Nov-2018 13:35:39.065 INFO [main] org.apache.catalina.startup.HostConfig.deployDirectory Deploying web application directory [/home/honorius/projects/dist1/labs/labx/apache-tomcat-9.0.13/webapps/docs]
12-Nov-2018 13:35:39.078 INFO [main] org.apache.catalina.startup.HostConfig.deployDirectory Deployment of web application directory [/home/honorius/projects/dist1/labs/labx/apache-tomcat-9.0.13/webapps/docs] has finished in [13] ms
12-Nov-2018 13:35:39.078 INFO [main] org.apache.catalina.startup.HostConfig.deployDirectory Deploying web application directory [/home/honorius/projects/dist1/labs/labx/apache-tomcat-9.0.13/webapps/manager]
12-Nov-2018 13:35:39.101 INFO [main] org.apache.catalina.startup.HostConfig.deployDirectory Deployment of web application directory [/home/honorius/projects/dist1/labs/labx/apache-tomcat-9.0.13/webapps/manager] has finished in [23] ms
12-Nov-2018 13:35:39.102 INFO [main] org.apache.catalina.startup.HostConfig.deployDirectory Deploying web application directory [/home/honorius/projects/dist1/labs/labx/apache-tomcat-9.0.13/webapps/examples]
12-Nov-2018 13:35:39.313 INFO [main] org.apache.catalina.startup.HostConfig.deployDirectory Deployment of web application directory [/home/honorius/projects/dist1/labs/labx/apache-tomcat-9.0.13/webapps/examples] has finished in [212] ms
12-Nov-2018 13:35:39.313 INFO [main] org.apache.catalina.startup.HostConfig.deployDirectory Deploying web application directory [/home/honorius/projects/dist1/labs/labx/apache-tomcat-9.0.13/webapps/ROOT]
12-Nov-2018 13:35:39.328 INFO [main] org.apache.catalina.startup.HostConfig.deployDirectory Deployment of web application directory [/home/honorius/projects/dist1/labs/labx/apache-tomcat-9.0.13/webapps/ROOT] has finished in [15] ms
12-Nov-2018 13:35:39.329 INFO [main] org.apache.catalina.startup.HostConfig.deployDirectory Deploying web application directory [/home/honorius/projects/dist1/labs/labx/apache-tomcat-9.0.13/webapps/host-manager]
12-Nov-2018 13:35:39.346 INFO [main] org.apache.catalina.startup.HostConfig.deployDirectory Deployment of web application directory [/home/honorius/projects/dist1/labs/labx/apache-tomcat-9.0.13/webapps/host-manager] has finished in [17] ms
12-Nov-2018 13:35:39.349 INFO [main] org.apache.coyote.AbstractProtocol.start Starting ProtocolHandler ["http-nio-8080"]
12-Nov-2018 13:35:39.358 INFO [main] org.apache.coyote.AbstractProtocol.start Starting ProtocolHandler ["ajp-nio-8009"]
12-Nov-2018 13:35:39.359 INFO [main] org.apache.catalina.startup.Catalina.start Server startup in 664 ms
12-Nov-2018 13:48:28.363 INFO [Thread-5] org.apache.coyote.AbstractProtocol.pause Pausing ProtocolHandler ["http-nio-8080"]
12-Nov-2018 13:48:28.378 INFO [Thread-5] org.apache.coyote.AbstractProtocol.pause Pausing ProtocolHandler ["ajp-nio-8009"]
12-Nov-2018 13:48:28.384 INFO [Thread-5] org.apache.catalina.core.StandardService.stopInternal Stopping service [Catalina]
12-Nov-2018 13:48:28.416 INFO [Thread-5] org.apache.coyote.AbstractProtocol.stop Stopping ProtocolHandler ["http-nio-8080"]
12-Nov-2018 13:48:28.420 INFO [Thread-5] org.apache.coyote.AbstractProtocol.stop Stopping ProtocolHandler ["ajp-nio-8009"]
12-Nov-2018 13:48:28.424 INFO [Thread-5] org.apache.coyote.AbstractProtocol.destroy Destroying ProtocolHandler ["http-nio-8080"]
12-Nov-2018 13:48:28.425 INFO [Thread-5] org.apache.coyote.AbstractProtocol.destroy Destroying ProtocolHandler ["ajp-nio-8009"]
12-Nov-2018 15:08:30.111 INFO [main] org.apache.catalina.startup.VersionLoggerListener.log Server version:        Apache Tomcat/9.0.13
12-Nov-2018 15:08:30.114 INFO [main] org.apache.catalina.startup.VersionLoggerListener.log Server built:          Nov 2 2018 14:27:55 UTC
12-Nov-2018 15:08:30.114 INFO [main] org.apache.catalina.startup.VersionLoggerListener.log Server number:         9.0.13.0
12-Nov-2018 15:08:30.114 INFO [main] org.apache.catalina.startup.VersionLoggerListener.log OS Name:               Linux
12-Nov-2018 15:08:30.115 INFO [main] org.apache.catalina.startup.VersionLoggerListener.log OS Version:            4.8.10-300.fc25.x86_64
12-Nov-2018 15:08:30.115 INFO [main] org.apache.catalina.startup.VersionLoggerListener.log Architecture:          amd64
12-Nov-2018 15:08:30.115 INFO [main] org.apache.catalina.startup.VersionLoggerListener.log Java Home:             /usr/lib/jvm/java-1.8.0-openjdk-1.8.0.151-1.b12.fc25.x86_64/jre
12-Nov-2018 15:08:30.115 INFO [main] org.apache.catalina.startup.VersionLoggerListener.log JVM Version:           1.8.0_151-b12
12-Nov-2018 15:08:30.115 INFO [main] org.apache.catalina.startup.VersionLoggerListener.log JVM Vendor:            Oracle Corporation
12-Nov-2018 15:08:30.115 INFO [main] org.apache.catalina.startup.VersionLoggerListener.log CATALINA_BASE:         /home/honorius/projects/dist1/labs/labx/apache-tomcat-9.0.13
12-Nov-2018 15:08:30.115 INFO [main] org.apache.catalina.startup.VersionLoggerListener.log CATALINA_HOME:         /home/honorius/projects/dist1/labs/labx/apache-tomcat-9.0.13
12-Nov-2018 15:08:30.115 INFO [main] org.apache.catalina.startup.VersionLoggerListener.log Command line argument: -Djava.util.logging.config.file=/home/honorius/projects/dist1/labs/labx/apache-tomcat-9.0.13/conf/logging.properties
12-Nov-2018 15:08:30.115 INFO [main] org.apache.catalina.startup.VersionLoggerListener.log Command line argument: -Djava.util.logging.manager=org.apache.juli.ClassLoaderLogManager
12-Nov-2018 15:08:30.115 INFO [main] org.apache.catalina.startup.VersionLoggerListener.log Command line argument: -Djdk.tls.ephemeralDHKeySize=2048
12-Nov-2018 15:08:30.115 INFO [main] org.apache.catalina.startup.VersionLoggerListener.log Command line argument: -Djava.protocol.handler.pkgs=org.apache.catalina.webresources
12-Nov-2018 15:08:30.116 INFO [main] org.apache.catalina.startup.VersionLoggerListener.log Command line argument: -Dorg.apache.catalina.security.SecurityListener.UMASK=0027
12-Nov-2018 15:08:30.116 INFO [main] org.apache.catalina.startup.VersionLoggerListener.log Command line argument: -Dignore.endorsed.dirs=
12-Nov-2018 15:08:30.116 INFO [main] org.apache.catalina.startup.VersionLoggerListener.log Command line argument: -Dcatalina.base=/home/honorius/projects/dist1/labs/labx/apache-tomcat-9.0.13
12-Nov-2018 15:08:30.116 INFO [main] org.apache.catalina.startup.VersionLoggerListener.log Command line argument: -Dcatalina.home=/home/honorius/projects/dist1/labs/labx/apache-tomcat-9.0.13
12-Nov-2018 15:08:30.116 INFO [main] org.apache.catalina.startup.VersionLoggerListener.log Command line argument: -Djava.io.tmpdir=/home/honorius/projects/dist1/labs/labx/apache-tomcat-9.0.13/temp
12-Nov-2018 15:08:30.116 INFO [main] org.apache.catalina.core.AprLifecycleListener.lifecycleEvent The APR based Apache Tomcat Native library which allows optimal performance in production environments was not found on the java.library.path: [:/usr/local/cuda/lib64:/usr/java/packages/lib/amd64:/usr/lib64:/lib64:/lib:/usr/lib]
12-Nov-2018 15:08:30.197 INFO [main] org.apache.coyote.AbstractProtocol.init Initializing ProtocolHandler ["http-nio-8080"]
12-Nov-2018 15:08:30.214 INFO [main] org.apache.tomcat.util.net.NioSelectorPool.getSharedSelector Using a shared selector for servlet write/read
12-Nov-2018 15:08:30.227 INFO [main] org.apache.coyote.AbstractProtocol.init Initializing ProtocolHandler ["ajp-nio-8009"]
12-Nov-2018 15:08:30.228 INFO [main] org.apache.tomcat.util.net.NioSelectorPool.getSharedSelector Using a shared selector for servlet write/read
12-Nov-2018 15:08:30.229 INFO [main] org.apache.catalina.startup.Catalina.load Initialization processed in 560 ms
12-Nov-2018 15:08:30.261 INFO [main] org.apache.catalina.core.StandardService.startInternal Starting service [Catalina]
12-Nov-2018 15:08:30.261 INFO [main] org.apache.catalina.core.StandardEngine.startInternal Starting Servlet Engine: Apache Tomcat/9.0.13
12-Nov-2018 15:08:30.281 INFO [main] org.apache.catalina.startup.HostConfig.deployWAR Deploying web application archive [/home/honorius/projects/dist1/labs/labx/apache-tomcat-9.0.13/webapps/myservlet.war]
12-Nov-2018 15:08:30.604 INFO [main] org.apache.catalina.startup.HostConfig.deployWAR Deployment of web application archive [/home/honorius/projects/dist1/labs/labx/apache-tomcat-9.0.13/webapps/myservlet.war] has finished in [322] ms
12-Nov-2018 15:08:30.604 INFO [main] org.apache.catalina.startup.HostConfig.deployWAR Deploying web application archive [/home/honorius/projects/dist1/labs/labx/apache-tomcat-9.0.13/webapps/apphelloD.war]
12-Nov-2018 15:08:30.647 INFO [main] org.apache.jasper.servlet.TldScanner.scanJars At least one JAR was scanned for TLDs yet contained no TLDs. Enable debug logging for this logger for a complete list of JARs that were scanned but no TLDs were found in them. Skipping unneeded JARs during scanning can improve startup time and JSP compilation time.
12-Nov-2018 15:08:30.650 INFO [main] org.apache.catalina.startup.HostConfig.deployWAR Deployment of web application archive [/home/honorius/projects/dist1/labs/labx/apache-tomcat-9.0.13/webapps/apphelloD.war] has finished in [46] ms
12-Nov-2018 15:08:30.651 INFO [main] org.apache.catalina.startup.HostConfig.deployWAR Deploying web application archive [/home/honorius/projects/dist1/labs/labx/apache-tomcat-9.0.13/webapps/asyncservlet.war]
12-Nov-2018 15:08:30.675 INFO [main] org.apache.catalina.startup.HostConfig.deployWAR Deployment of web application archive [/home/honorius/projects/dist1/labs/labx/apache-tomcat-9.0.13/webapps/asyncservlet.war] has finished in [24] ms
12-Nov-2018 15:08:30.676 INFO [main] org.apache.catalina.startup.HostConfig.deployDirectory Deploying web application directory [/home/honorius/projects/dist1/labs/labx/apache-tomcat-9.0.13/webapps/docs]
12-Nov-2018 15:08:30.690 INFO [main] org.apache.catalina.startup.HostConfig.deployDirectory Deployment of web application directory [/home/honorius/projects/dist1/labs/labx/apache-tomcat-9.0.13/webapps/docs] has finished in [14] ms
12-Nov-2018 15:08:30.690 INFO [main] org.apache.catalina.startup.HostConfig.deployDirectory Deploying web application directory [/home/honorius/projects/dist1/labs/labx/apache-tomcat-9.0.13/webapps/manager]
12-Nov-2018 15:08:30.726 INFO [main] org.apache.catalina.startup.HostConfig.deployDirectory Deployment of web application directory [/home/honorius/projects/dist1/labs/labx/apache-tomcat-9.0.13/webapps/manager] has finished in [36] ms
12-Nov-2018 15:08:30.727 INFO [main] org.apache.catalina.startup.HostConfig.deployDirectory Deploying web application directory [/home/honorius/projects/dist1/labs/labx/apache-tomcat-9.0.13/webapps/examples]
12-Nov-2018 15:08:30.931 INFO [main] org.apache.catalina.startup.HostConfig.deployDirectory Deployment of web application directory [/home/honorius/projects/dist1/labs/labx/apache-tomcat-9.0.13/webapps/examples] has finished in [204] ms
12-Nov-2018 15:08:30.931 INFO [main] org.apache.catalina.startup.HostConfig.deployDirectory Deploying web application directory [/home/honorius/projects/dist1/labs/labx/apache-tomcat-9.0.13/webapps/ROOT]
12-Nov-2018 15:08:30.946 INFO [main] org.apache.catalina.startup.HostConfig.deployDirectory Deployment of web application directory [/home/honorius/projects/dist1/labs/labx/apache-tomcat-9.0.13/webapps/ROOT] has finished in [15] ms
12-Nov-2018 15:08:30.946 INFO [main] org.apache.catalina.startup.HostConfig.deployDirectory Deploying web application directory [/home/honorius/projects/dist1/labs/labx/apache-tomcat-9.0.13/webapps/host-manager]
12-Nov-2018 15:08:30.964 INFO [main] org.apache.catalina.startup.HostConfig.deployDirectory Deployment of web application directory [/home/honorius/projects/dist1/labs/labx/apache-tomcat-9.0.13/webapps/host-manager] has finished in [17] ms
12-Nov-2018 15:08:30.968 INFO [main] org.apache.coyote.AbstractProtocol.start Starting ProtocolHandler ["http-nio-8080"]
12-Nov-2018 15:08:30.975 INFO [main] org.apache.coyote.AbstractProtocol.start Starting ProtocolHandler ["ajp-nio-8009"]
12-Nov-2018 15:08:30.976 INFO [main] org.apache.catalina.startup.Catalina.start Server startup in 747 ms
12-Nov-2018 15:16:51.732 INFO [ContainerBackgroundProcessor[StandardEngine[Catalina]]] org.apache.catalina.startup.HostConfig.undeploy Undeploying context [/apphelloD]
12-Nov-2018 15:16:51.751 INFO [ContainerBackgroundProcessor[StandardEngine[Catalina]]] org.apache.catalina.startup.HostConfig.deployWAR Deploying web application archive [/home/honorius/projects/dist1/labs/labx/apache-tomcat-9.0.13/webapps/apphelloD.war]
12-Nov-2018 15:16:51.783 INFO [ContainerBackgroundProcessor[StandardEngine[Catalina]]] org.apache.jasper.servlet.TldScanner.scanJars At least one JAR was scanned for TLDs yet contained no TLDs. Enable debug logging for this logger for a complete list of JARs that were scanned but no TLDs were found in them. Skipping unneeded JARs during scanning can improve startup time and JSP compilation time.
12-Nov-2018 15:16:51.786 INFO [ContainerBackgroundProcessor[StandardEngine[Catalina]]] org.apache.catalina.startup.HostConfig.deployWAR Deployment of web application archive [/home/honorius/projects/dist1/labs/labx/apache-tomcat-9.0.13/webapps/apphelloD.war] has finished in [35] ms
12-Nov-2018 15:17:01.789 INFO [ContainerBackgroundProcessor[StandardEngine[Catalina]]] org.apache.catalina.startup.HostConfig.undeploy Undeploying context [/apphelloD]
12-Nov-2018 15:17:01.796 INFO [ContainerBackgroundProcessor[StandardEngine[Catalina]]] org.apache.catalina.startup.HostConfig.deployWAR Deploying web application archive [/home/honorius/projects/dist1/labs/labx/apache-tomcat-9.0.13/webapps/apphelloD.war]
12-Nov-2018 15:17:01.821 INFO [ContainerBackgroundProcessor[StandardEngine[Catalina]]] org.apache.jasper.servlet.TldScanner.scanJars At least one JAR was scanned for TLDs yet contained no TLDs. Enable debug logging for this logger for a complete list of JARs that were scanned but no TLDs were found in them. Skipping unneeded JARs during scanning can improve startup time and JSP compilation time.
12-Nov-2018 15:17:01.822 INFO [ContainerBackgroundProcessor[StandardEngine[Catalina]]] org.apache.catalina.startup.HostConfig.deployWAR Deployment of web application archive [/home/honorius/projects/dist1/labs/labx/apache-tomcat-9.0.13/webapps/apphelloD.war] has finished in [26] ms
12-Nov-2018 15:18:45.400 INFO [main] org.apache.catalina.core.StandardServer.await A valid shutdown command was received via the shutdown port. Stopping the Server instance.
12-Nov-2018 15:18:45.400 INFO [main] org.apache.coyote.AbstractProtocol.pause Pausing ProtocolHandler ["http-nio-8080"]
12-Nov-2018 15:18:45.408 INFO [main] org.apache.coyote.AbstractProtocol.pause Pausing ProtocolHandler ["ajp-nio-8009"]
12-Nov-2018 15:18:45.414 INFO [main] org.apache.catalina.core.StandardService.stopInternal Stopping service [Catalina]
12-Nov-2018 15:18:45.435 INFO [main] org.apache.coyote.AbstractProtocol.stop Stopping ProtocolHandler ["http-nio-8080"]
12-Nov-2018 15:18:45.437 INFO [main] org.apache.coyote.AbstractProtocol.stop Stopping ProtocolHandler ["ajp-nio-8009"]
12-Nov-2018 15:18:45.438 INFO [main] org.apache.coyote.AbstractProtocol.destroy Destroying ProtocolHandler ["http-nio-8080"]
12-Nov-2018 15:18:45.438 INFO [main] org.apache.coyote.AbstractProtocol.destroy Destroying ProtocolHandler ["ajp-nio-8009"]
12-Nov-2018 15:29:43.995 INFO [main] org.apache.catalina.startup.VersionLoggerListener.log Server version:        Apache Tomcat/9.0.13
12-Nov-2018 15:29:43.997 INFO [main] org.apache.catalina.startup.VersionLoggerListener.log Server built:          Nov 2 2018 14:27:55 UTC
12-Nov-2018 15:29:43.997 INFO [main] org.apache.catalina.startup.VersionLoggerListener.log Server number:         9.0.13.0
12-Nov-2018 15:29:43.997 INFO [main] org.apache.catalina.startup.VersionLoggerListener.log OS Name:               Linux
12-Nov-2018 15:29:43.998 INFO [main] org.apache.catalina.startup.VersionLoggerListener.log OS Version:            4.8.10-300.fc25.x86_64
12-Nov-2018 15:29:43.998 INFO [main] org.apache.catalina.startup.VersionLoggerListener.log Architecture:          amd64
12-Nov-2018 15:29:43.998 INFO [main] org.apache.catalina.startup.VersionLoggerListener.log Java Home:             /usr/lib/jvm/java-1.8.0-openjdk-1.8.0.151-1.b12.fc25.x86_64/jre
12-Nov-2018 15:29:43.998 INFO [main] org.apache.catalina.startup.VersionLoggerListener.log JVM Version:           1.8.0_151-b12
12-Nov-2018 15:29:43.998 INFO [main] org.apache.catalina.startup.VersionLoggerListener.log JVM Vendor:            Oracle Corporation
12-Nov-2018 15:29:43.998 INFO [main] org.apache.catalina.startup.VersionLoggerListener.log CATALINA_BASE:         /home/honorius/projects/dist1/labs/labx/apache-tomcat-9.0.13
12-Nov-2018 15:29:43.998 INFO [main] org.apache.catalina.startup.VersionLoggerListener.log CATALINA_HOME:         /home/honorius/projects/dist1/labs/labx/apache-tomcat-9.0.13
12-Nov-2018 15:29:43.998 INFO [main] org.apache.catalina.startup.VersionLoggerListener.log Command line argument: -Djava.util.logging.config.file=/home/honorius/projects/dist1/labs/labx/apache-tomcat-9.0.13/conf/logging.properties
12-Nov-2018 15:29:43.999 INFO [main] org.apache.catalina.startup.VersionLoggerListener.log Command line argument: -Djava.util.logging.manager=org.apache.juli.ClassLoaderLogManager
12-Nov-2018 15:29:43.999 INFO [main] org.apache.catalina.startup.VersionLoggerListener.log Command line argument: -Djdk.tls.ephemeralDHKeySize=2048
12-Nov-2018 15:29:43.999 INFO [main] org.apache.catalina.startup.VersionLoggerListener.log Command line argument: -Djava.protocol.handler.pkgs=org.apache.catalina.webresources
12-Nov-2018 15:29:43.999 INFO [main] org.apache.catalina.startup.VersionLoggerListener.log Command line argument: -Dorg.apache.catalina.security.SecurityListener.UMASK=0027
12-Nov-2018 15:29:43.999 INFO [main] org.apache.catalina.startup.VersionLoggerListener.log Command line argument: -Dignore.endorsed.dirs=
12-Nov-2018 15:29:43.999 INFO [main] org.apache.catalina.startup.VersionLoggerListener.log Command line argument: -Dcatalina.base=/home/honorius/projects/dist1/labs/labx/apache-tomcat-9.0.13
12-Nov-2018 15:29:43.999 INFO [main] org.apache.catalina.startup.VersionLoggerListener.log Command line argument: -Dcatalina.home=/home/honorius/projects/dist1/labs/labx/apache-tomcat-9.0.13
12-Nov-2018 15:29:43.999 INFO [main] org.apache.catalina.startup.VersionLoggerListener.log Command line argument: -Djava.io.tmpdir=/home/honorius/projects/dist1/labs/labx/apache-tomcat-9.0.13/temp
12-Nov-2018 15:29:43.999 INFO [main] org.apache.catalina.core.AprLifecycleListener.lifecycleEvent The APR based Apache Tomcat Native library which allows optimal performance in production environments was not found on the java.library.path: [:/usr/local/cuda/lib64:/usr/java/packages/lib/amd64:/usr/lib64:/lib64:/lib:/usr/lib]
12-Nov-2018 15:29:44.063 INFO [main] org.apache.coyote.AbstractProtocol.init Initializing ProtocolHandler ["http-nio-8080"]
12-Nov-2018 15:29:44.076 INFO [main] org.apache.tomcat.util.net.NioSelectorPool.getSharedSelector Using a shared selector for servlet write/read
12-Nov-2018 15:29:44.088 INFO [main] org.apache.coyote.AbstractProtocol.init Initializing ProtocolHandler ["ajp-nio-8009"]
12-Nov-2018 15:29:44.090 INFO [main] org.apache.tomcat.util.net.NioSelectorPool.getSharedSelector Using a shared selector for servlet write/read
12-Nov-2018 15:29:44.091 INFO [main] org.apache.catalina.startup.Catalina.load Initialization processed in 455 ms
12-Nov-2018 15:29:44.117 INFO [main] org.apache.catalina.core.StandardService.startInternal Starting service [Catalina]
12-Nov-2018 15:29:44.118 INFO [main] org.apache.catalina.core.StandardEngine.startInternal Starting Servlet Engine: Apache Tomcat/9.0.13
12-Nov-2018 15:29:44.135 INFO [main] org.apache.catalina.startup.HostConfig.deployWAR Deploying web application archive [/home/honorius/projects/dist1/labs/labx/apache-tomcat-9.0.13/webapps/myservlet.war]
12-Nov-2018 15:29:44.410 INFO [main] org.apache.catalina.startup.HostConfig.deployWAR Deployment of web application archive [/home/honorius/projects/dist1/labs/labx/apache-tomcat-9.0.13/webapps/myservlet.war] has finished in [276] ms
12-Nov-2018 15:29:44.411 INFO [main] org.apache.catalina.startup.HostConfig.deployWAR Deploying web application archive [/home/honorius/projects/dist1/labs/labx/apache-tomcat-9.0.13/webapps/apphelloD.war]
12-Nov-2018 15:29:44.453 INFO [main] org.apache.jasper.servlet.TldScanner.scanJars At least one JAR was scanned for TLDs yet contained no TLDs. Enable debug logging for this logger for a complete list of JARs that were scanned but no TLDs were found in them. Skipping unneeded JARs during scanning can improve startup time and JSP compilation time.
12-Nov-2018 15:29:44.455 INFO [main] org.apache.catalina.startup.HostConfig.deployWAR Deployment of web application archive [/home/honorius/projects/dist1/labs/labx/apache-tomcat-9.0.13/webapps/apphelloD.war] has finished in [44] ms
12-Nov-2018 15:29:44.456 INFO [main] org.apache.catalina.startup.HostConfig.deployWAR Deploying web application archive [/home/honorius/projects/dist1/labs/labx/apache-tomcat-9.0.13/webapps/helloname.war]
12-Nov-2018 15:29:44.478 INFO [main] org.apache.catalina.startup.HostConfig.deployWAR Deployment of web application archive [/home/honorius/projects/dist1/labs/labx/apache-tomcat-9.0.13/webapps/helloname.war] has finished in [21] ms
12-Nov-2018 15:29:44.478 INFO [main] org.apache.catalina.startup.HostConfig.deployWAR Deploying web application archive [/home/honorius/projects/dist1/labs/labx/apache-tomcat-9.0.13/webapps/asyncservlet.war]
12-Nov-2018 15:29:44.496 INFO [main] org.apache.catalina.startup.HostConfig.deployWAR Deployment of web application archive [/home/honorius/projects/dist1/labs/labx/apache-tomcat-9.0.13/webapps/asyncservlet.war] has finished in [17] ms
12-Nov-2018 15:29:44.496 INFO [main] org.apache.catalina.startup.HostConfig.deployDirectory Deploying web application directory [/home/honorius/projects/dist1/labs/labx/apache-tomcat-9.0.13/webapps/docs]
12-Nov-2018 15:29:44.511 INFO [main] org.apache.catalina.startup.HostConfig.deployDirectory Deployment of web application directory [/home/honorius/projects/dist1/labs/labx/apache-tomcat-9.0.13/webapps/docs] has finished in [14] ms
12-Nov-2018 15:29:44.511 INFO [main] org.apache.catalina.startup.HostConfig.deployDirectory Deploying web application directory [/home/honorius/projects/dist1/labs/labx/apache-tomcat-9.0.13/webapps/manager]
12-Nov-2018 15:29:44.545 INFO [main] org.apache.catalina.startup.HostConfig.deployDirectory Deployment of web application directory [/home/honorius/projects/dist1/labs/labx/apache-tomcat-9.0.13/webapps/manager] has finished in [34] ms
12-Nov-2018 15:29:44.545 INFO [main] org.apache.catalina.startup.HostConfig.deployDirectory Deploying web application directory [/home/honorius/projects/dist1/labs/labx/apache-tomcat-9.0.13/webapps/examples]
12-Nov-2018 15:29:44.727 INFO [main] org.apache.catalina.startup.HostConfig.deployDirectory Deployment of web application directory [/home/honorius/projects/dist1/labs/labx/apache-tomcat-9.0.13/webapps/examples] has finished in [181] ms
12-Nov-2018 15:29:44.727 INFO [main] org.apache.catalina.startup.HostConfig.deployDirectory Deploying web application directory [/home/honorius/projects/dist1/labs/labx/apache-tomcat-9.0.13/webapps/ROOT]
12-Nov-2018 15:29:44.741 INFO [main] org.apache.catalina.startup.HostConfig.deployDirectory Deployment of web application directory [/home/honorius/projects/dist1/labs/labx/apache-tomcat-9.0.13/webapps/ROOT] has finished in [14] ms
12-Nov-2018 15:29:44.742 INFO [main] org.apache.catalina.startup.HostConfig.deployDirectory Deploying web application directory [/home/honorius/projects/dist1/labs/labx/apache-tomcat-9.0.13/webapps/host-manager]
12-Nov-2018 15:29:44.759 INFO [main] org.apache.catalina.startup.HostConfig.deployDirectory Deployment of web application directory [/home/honorius/projects/dist1/labs/labx/apache-tomcat-9.0.13/webapps/host-manager] has finished in [18] ms
12-Nov-2018 15:29:44.762 INFO [main] org.apache.coyote.AbstractProtocol.start Starting ProtocolHandler ["http-nio-8080"]
12-Nov-2018 15:29:44.772 INFO [main] org.apache.coyote.AbstractProtocol.start Starting ProtocolHandler ["ajp-nio-8009"]
12-Nov-2018 15:29:44.773 INFO [main] org.apache.catalina.startup.Catalina.start Server startup in 682 ms
12-Nov-2018 15:32:44.878 INFO [ContainerBackgroundProcessor[StandardEngine[Catalina]]] org.apache.catalina.startup.HostConfig.undeploy Undeploying context [/myservlet]
12-Nov-2018 15:32:44.917 INFO [ContainerBackgroundProcessor[StandardEngine[Catalina]]] org.apache.catalina.startup.HostConfig.deployWAR Deploying web application archive [/home/honorius/projects/dist1/labs/labx/apache-tomcat-9.0.13/webapps/myservlet.war]
12-Nov-2018 15:32:44.943 INFO [ContainerBackgroundProcessor[StandardEngine[Catalina]]] org.apache.catalina.startup.HostConfig.deployWAR Deployment of web application archive [/home/honorius/projects/dist1/labs/labx/apache-tomcat-9.0.13/webapps/myservlet.war] has finished in [25] ms
12-Nov-2018 15:39:55.667 INFO [ContainerBackgroundProcessor[StandardEngine[Catalina]]] org.apache.catalina.startup.HostConfig.undeploy Undeploying context [/asyncservlet]
12-Nov-2018 15:39:55.691 INFO [ContainerBackgroundProcessor[StandardEngine[Catalina]]] org.apache.catalina.startup.HostConfig.deployWAR Deploying web application archive [/home/honorius/projects/dist1/labs/labx/apache-tomcat-9.0.13/webapps/asyncservlet.war]
12-Nov-2018 15:39:55.712 INFO [ContainerBackgroundProcessor[StandardEngine[Catalina]]] org.apache.catalina.startup.HostConfig.deployWAR Deployment of web application archive [/home/honorius/projects/dist1/labs/labx/apache-tomcat-9.0.13/webapps/asyncservlet.war] has finished in [20] ms
12-Nov-2018 15:40:05.715 INFO [ContainerBackgroundProcessor[StandardEngine[Catalina]]] org.apache.catalina.startup.HostConfig.undeploy Undeploying context [/asyncservlet]
12-Nov-2018 15:40:05.721 INFO [ContainerBackgroundProcessor[StandardEngine[Catalina]]] org.apache.catalina.startup.HostConfig.deployWAR Deploying web application archive [/home/honorius/projects/dist1/labs/labx/apache-tomcat-9.0.13/webapps/asyncservlet.war]
12-Nov-2018 15:40:05.738 INFO [ContainerBackgroundProcessor[StandardEngine[Catalina]]] org.apache.catalina.startup.HostConfig.deployWAR Deployment of web application archive [/home/honorius/projects/dist1/labs/labx/apache-tomcat-9.0.13/webapps/asyncservlet.war] has finished in [16] ms
12-Nov-2018 15:49:59.324 INFO [Thread-5] org.apache.coyote.AbstractProtocol.pause Pausing ProtocolHandler ["http-nio-8080"]
12-Nov-2018 15:49:59.348 INFO [Thread-5] org.apache.coyote.AbstractProtocol.pause Pausing ProtocolHandler ["ajp-nio-8009"]
12-Nov-2018 15:49:59.350 INFO [Thread-5] org.apache.catalina.core.StandardService.stopInternal Stopping service [Catalina]
12-Nov-2018 15:49:59.417 INFO [Thread-5] org.apache.coyote.AbstractProtocol.stop Stopping ProtocolHandler ["http-nio-8080"]
12-Nov-2018 15:49:59.420 INFO [Thread-5] org.apache.coyote.AbstractProtocol.stop Stopping ProtocolHandler ["ajp-nio-8009"]
12-Nov-2018 15:49:59.422 INFO [Thread-5] org.apache.coyote.AbstractProtocol.destroy Destroying ProtocolHandler ["http-nio-8080"]
12-Nov-2018 15:49:59.423 INFO [Thread-5] org.apache.coyote.AbstractProtocol.destroy Destroying ProtocolHandler ["ajp-nio-8009"]
