06-Jan-2019 22:18:45.017 INFO [main] org.apache.catalina.startup.VersionLoggerListener.log Server version:        Apache Tomcat/9.0.13
06-Jan-2019 22:18:45.019 INFO [main] org.apache.catalina.startup.VersionLoggerListener.log Server built:          Nov 2 2018 14:27:55 UTC
06-Jan-2019 22:18:45.019 INFO [main] org.apache.catalina.startup.VersionLoggerListener.log Server number:         9.0.13.0
06-Jan-2019 22:18:45.019 INFO [main] org.apache.catalina.startup.VersionLoggerListener.log OS Name:               Linux
06-Jan-2019 22:18:45.019 INFO [main] org.apache.catalina.startup.VersionLoggerListener.log OS Version:            4.8.10-300.fc25.x86_64
06-Jan-2019 22:18:45.019 INFO [main] org.apache.catalina.startup.VersionLoggerListener.log Architecture:          amd64
06-Jan-2019 22:18:45.019 INFO [main] org.apache.catalina.startup.VersionLoggerListener.log Java Home:             /usr/lib/jvm/java-1.8.0-openjdk-1.8.0.151-1.b12.fc25.x86_64/jre
06-Jan-2019 22:18:45.019 INFO [main] org.apache.catalina.startup.VersionLoggerListener.log JVM Version:           1.8.0_151-b12
06-Jan-2019 22:18:45.019 INFO [main] org.apache.catalina.startup.VersionLoggerListener.log JVM Vendor:            Oracle Corporation
06-Jan-2019 22:18:45.020 INFO [main] org.apache.catalina.startup.VersionLoggerListener.log CATALINA_BASE:         /home/honorius/projects/dist1/labs/progr-dist/cap12/javaws/servlet/apache-tomcat-9.0.13
06-Jan-2019 22:18:45.020 INFO [main] org.apache.catalina.startup.VersionLoggerListener.log CATALINA_HOME:         /home/honorius/projects/dist1/labs/progr-dist/cap12/javaws/servlet/apache-tomcat-9.0.13
06-Jan-2019 22:18:45.020 INFO [main] org.apache.catalina.startup.VersionLoggerListener.log Command line argument: -Djava.util.logging.config.file=/home/honorius/projects/dist1/labs/progr-dist/cap12/javaws/servlet/apache-tomcat-9.0.13/conf/logging.properties
06-Jan-2019 22:18:45.020 INFO [main] org.apache.catalina.startup.VersionLoggerListener.log Command line argument: -Djava.util.logging.manager=org.apache.juli.ClassLoaderLogManager
06-Jan-2019 22:18:45.020 INFO [main] org.apache.catalina.startup.VersionLoggerListener.log Command line argument: -Djdk.tls.ephemeralDHKeySize=2048
06-Jan-2019 22:18:45.020 INFO [main] org.apache.catalina.startup.VersionLoggerListener.log Command line argument: -Djava.protocol.handler.pkgs=org.apache.catalina.webresources
06-Jan-2019 22:18:45.020 INFO [main] org.apache.catalina.startup.VersionLoggerListener.log Command line argument: -Dorg.apache.catalina.security.SecurityListener.UMASK=0027
06-Jan-2019 22:18:45.020 INFO [main] org.apache.catalina.startup.VersionLoggerListener.log Command line argument: -Dignore.endorsed.dirs=
06-Jan-2019 22:18:45.020 INFO [main] org.apache.catalina.startup.VersionLoggerListener.log Command line argument: -Dcatalina.base=/home/honorius/projects/dist1/labs/progr-dist/cap12/javaws/servlet/apache-tomcat-9.0.13
06-Jan-2019 22:18:45.020 INFO [main] org.apache.catalina.startup.VersionLoggerListener.log Command line argument: -Dcatalina.home=/home/honorius/projects/dist1/labs/progr-dist/cap12/javaws/servlet/apache-tomcat-9.0.13
06-Jan-2019 22:18:45.021 INFO [main] org.apache.catalina.startup.VersionLoggerListener.log Command line argument: -Djava.io.tmpdir=/home/honorius/projects/dist1/labs/progr-dist/cap12/javaws/servlet/apache-tomcat-9.0.13/temp
06-Jan-2019 22:18:45.021 INFO [main] org.apache.catalina.core.AprLifecycleListener.lifecycleEvent The APR based Apache Tomcat Native library which allows optimal performance in production environments was not found on the java.library.path: [:/usr/local/cuda/lib64:/usr/java/packages/lib/amd64:/usr/lib64:/lib64:/lib:/usr/lib]
06-Jan-2019 22:18:45.182 INFO [main] org.apache.coyote.AbstractProtocol.init Initializing ProtocolHandler ["http-nio-8080"]
06-Jan-2019 22:18:45.199 INFO [main] org.apache.tomcat.util.net.NioSelectorPool.getSharedSelector Using a shared selector for servlet write/read
06-Jan-2019 22:18:45.211 INFO [main] org.apache.coyote.AbstractProtocol.init Initializing ProtocolHandler ["ajp-nio-8009"]
06-Jan-2019 22:18:45.213 INFO [main] org.apache.tomcat.util.net.NioSelectorPool.getSharedSelector Using a shared selector for servlet write/read
06-Jan-2019 22:18:45.214 INFO [main] org.apache.catalina.startup.Catalina.load Initialization processed in 587 ms
06-Jan-2019 22:18:45.253 INFO [main] org.apache.catalina.core.StandardService.startInternal Starting service [Catalina]
06-Jan-2019 22:18:45.253 INFO [main] org.apache.catalina.core.StandardEngine.startInternal Starting Servlet Engine: Apache Tomcat/9.0.13
06-Jan-2019 22:18:45.283 INFO [main] org.apache.catalina.startup.HostConfig.deployWAR Deploying web application archive [/home/honorius/projects/dist1/labs/progr-dist/cap12/javaws/servlet/apache-tomcat-9.0.13/webapps/cmmdc.war]
06-Jan-2019 22:18:45.628 INFO [main] org.apache.catalina.startup.HostConfig.deployWAR Deployment of web application archive [/home/honorius/projects/dist1/labs/progr-dist/cap12/javaws/servlet/apache-tomcat-9.0.13/webapps/cmmdc.war] has finished in [345] ms
06-Jan-2019 22:18:45.629 INFO [main] org.apache.catalina.startup.HostConfig.deployDirectory Deploying web application directory [/home/honorius/projects/dist1/labs/progr-dist/cap12/javaws/servlet/apache-tomcat-9.0.13/webapps/docs]
06-Jan-2019 22:18:45.645 INFO [main] org.apache.catalina.startup.HostConfig.deployDirectory Deployment of web application directory [/home/honorius/projects/dist1/labs/progr-dist/cap12/javaws/servlet/apache-tomcat-9.0.13/webapps/docs] has finished in [15] ms
06-Jan-2019 22:18:45.645 INFO [main] org.apache.catalina.startup.HostConfig.deployDirectory Deploying web application directory [/home/honorius/projects/dist1/labs/progr-dist/cap12/javaws/servlet/apache-tomcat-9.0.13/webapps/manager]
06-Jan-2019 22:18:45.675 INFO [main] org.apache.catalina.startup.HostConfig.deployDirectory Deployment of web application directory [/home/honorius/projects/dist1/labs/progr-dist/cap12/javaws/servlet/apache-tomcat-9.0.13/webapps/manager] has finished in [30] ms
06-Jan-2019 22:18:45.676 INFO [main] org.apache.catalina.startup.HostConfig.deployDirectory Deploying web application directory [/home/honorius/projects/dist1/labs/progr-dist/cap12/javaws/servlet/apache-tomcat-9.0.13/webapps/examples]
06-Jan-2019 22:18:45.908 INFO [main] org.apache.catalina.startup.HostConfig.deployDirectory Deployment of web application directory [/home/honorius/projects/dist1/labs/progr-dist/cap12/javaws/servlet/apache-tomcat-9.0.13/webapps/examples] has finished in [232] ms
06-Jan-2019 22:18:45.908 INFO [main] org.apache.catalina.startup.HostConfig.deployDirectory Deploying web application directory [/home/honorius/projects/dist1/labs/progr-dist/cap12/javaws/servlet/apache-tomcat-9.0.13/webapps/ROOT]
06-Jan-2019 22:18:45.922 INFO [main] org.apache.catalina.startup.HostConfig.deployDirectory Deployment of web application directory [/home/honorius/projects/dist1/labs/progr-dist/cap12/javaws/servlet/apache-tomcat-9.0.13/webapps/ROOT] has finished in [14] ms
06-Jan-2019 22:18:45.922 INFO [main] org.apache.catalina.startup.HostConfig.deployDirectory Deploying web application directory [/home/honorius/projects/dist1/labs/progr-dist/cap12/javaws/servlet/apache-tomcat-9.0.13/webapps/host-manager]
06-Jan-2019 22:18:45.939 INFO [main] org.apache.catalina.startup.HostConfig.deployDirectory Deployment of web application directory [/home/honorius/projects/dist1/labs/progr-dist/cap12/javaws/servlet/apache-tomcat-9.0.13/webapps/host-manager] has finished in [17] ms
06-Jan-2019 22:18:45.942 INFO [main] org.apache.coyote.AbstractProtocol.start Starting ProtocolHandler ["http-nio-8080"]
06-Jan-2019 22:18:45.950 INFO [main] org.apache.coyote.AbstractProtocol.start Starting ProtocolHandler ["ajp-nio-8009"]
06-Jan-2019 22:18:45.951 INFO [main] org.apache.catalina.startup.Catalina.start Server startup in 737 ms
06-Jan-2019 22:34:51.000 INFO [main] org.apache.catalina.core.StandardServer.await A valid shutdown command was received via the shutdown port. Stopping the Server instance.
06-Jan-2019 22:34:51.001 INFO [main] org.apache.coyote.AbstractProtocol.pause Pausing ProtocolHandler ["http-nio-8080"]
06-Jan-2019 22:34:51.008 INFO [main] org.apache.coyote.AbstractProtocol.pause Pausing ProtocolHandler ["ajp-nio-8009"]
06-Jan-2019 22:34:51.014 INFO [main] org.apache.catalina.core.StandardService.stopInternal Stopping service [Catalina]
06-Jan-2019 22:34:51.047 INFO [main] org.apache.coyote.AbstractProtocol.stop Stopping ProtocolHandler ["http-nio-8080"]
06-Jan-2019 22:34:51.048 INFO [main] org.apache.coyote.AbstractProtocol.stop Stopping ProtocolHandler ["ajp-nio-8009"]
06-Jan-2019 22:34:51.049 INFO [main] org.apache.coyote.AbstractProtocol.destroy Destroying ProtocolHandler ["http-nio-8080"]
06-Jan-2019 22:34:51.050 INFO [main] org.apache.coyote.AbstractProtocol.destroy Destroying ProtocolHandler ["ajp-nio-8009"]
06-Jan-2019 22:35:17.695 INFO [main] org.apache.catalina.startup.VersionLoggerListener.log Server version:        Apache Tomcat/9.0.13
06-Jan-2019 22:35:17.697 INFO [main] org.apache.catalina.startup.VersionLoggerListener.log Server built:          Nov 2 2018 14:27:55 UTC
06-Jan-2019 22:35:17.697 INFO [main] org.apache.catalina.startup.VersionLoggerListener.log Server number:         9.0.13.0
06-Jan-2019 22:35:17.697 INFO [main] org.apache.catalina.startup.VersionLoggerListener.log OS Name:               Linux
06-Jan-2019 22:35:17.698 INFO [main] org.apache.catalina.startup.VersionLoggerListener.log OS Version:            4.8.10-300.fc25.x86_64
06-Jan-2019 22:35:17.698 INFO [main] org.apache.catalina.startup.VersionLoggerListener.log Architecture:          amd64
06-Jan-2019 22:35:17.698 INFO [main] org.apache.catalina.startup.VersionLoggerListener.log Java Home:             /usr/lib/jvm/java-1.8.0-openjdk-1.8.0.151-1.b12.fc25.x86_64/jre
06-Jan-2019 22:35:17.698 INFO [main] org.apache.catalina.startup.VersionLoggerListener.log JVM Version:           1.8.0_151-b12
06-Jan-2019 22:35:17.698 INFO [main] org.apache.catalina.startup.VersionLoggerListener.log JVM Vendor:            Oracle Corporation
06-Jan-2019 22:35:17.698 INFO [main] org.apache.catalina.startup.VersionLoggerListener.log CATALINA_BASE:         /home/honorius/projects/dist1/labs/progr-dist/cap12/javaws/apache-tomcat-9.0.13
06-Jan-2019 22:35:17.698 INFO [main] org.apache.catalina.startup.VersionLoggerListener.log CATALINA_HOME:         /home/honorius/projects/dist1/labs/progr-dist/cap12/javaws/apache-tomcat-9.0.13
06-Jan-2019 22:35:17.699 INFO [main] org.apache.catalina.startup.VersionLoggerListener.log Command line argument: -Djava.util.logging.config.file=/home/honorius/projects/dist1/labs/progr-dist/cap12/javaws/apache-tomcat-9.0.13/conf/logging.properties
06-Jan-2019 22:35:17.699 INFO [main] org.apache.catalina.startup.VersionLoggerListener.log Command line argument: -Djava.util.logging.manager=org.apache.juli.ClassLoaderLogManager
06-Jan-2019 22:35:17.699 INFO [main] org.apache.catalina.startup.VersionLoggerListener.log Command line argument: -Djdk.tls.ephemeralDHKeySize=2048
06-Jan-2019 22:35:17.699 INFO [main] org.apache.catalina.startup.VersionLoggerListener.log Command line argument: -Djava.protocol.handler.pkgs=org.apache.catalina.webresources
06-Jan-2019 22:35:17.699 INFO [main] org.apache.catalina.startup.VersionLoggerListener.log Command line argument: -Dorg.apache.catalina.security.SecurityListener.UMASK=0027
06-Jan-2019 22:35:17.699 INFO [main] org.apache.catalina.startup.VersionLoggerListener.log Command line argument: -Dignore.endorsed.dirs=
06-Jan-2019 22:35:17.699 INFO [main] org.apache.catalina.startup.VersionLoggerListener.log Command line argument: -Dcatalina.base=/home/honorius/projects/dist1/labs/progr-dist/cap12/javaws/apache-tomcat-9.0.13
06-Jan-2019 22:35:17.699 INFO [main] org.apache.catalina.startup.VersionLoggerListener.log Command line argument: -Dcatalina.home=/home/honorius/projects/dist1/labs/progr-dist/cap12/javaws/apache-tomcat-9.0.13
06-Jan-2019 22:35:17.699 INFO [main] org.apache.catalina.startup.VersionLoggerListener.log Command line argument: -Djava.io.tmpdir=/home/honorius/projects/dist1/labs/progr-dist/cap12/javaws/apache-tomcat-9.0.13/temp
06-Jan-2019 22:35:17.700 INFO [main] org.apache.catalina.core.AprLifecycleListener.lifecycleEvent The APR based Apache Tomcat Native library which allows optimal performance in production environments was not found on the java.library.path: [:/usr/local/cuda/lib64:/usr/java/packages/lib/amd64:/usr/lib64:/lib64:/lib:/usr/lib]
06-Jan-2019 22:35:17.766 INFO [main] org.apache.coyote.AbstractProtocol.init Initializing ProtocolHandler ["http-nio-8080"]
06-Jan-2019 22:35:17.778 INFO [main] org.apache.tomcat.util.net.NioSelectorPool.getSharedSelector Using a shared selector for servlet write/read
06-Jan-2019 22:35:17.790 INFO [main] org.apache.coyote.AbstractProtocol.init Initializing ProtocolHandler ["ajp-nio-8009"]
06-Jan-2019 22:35:17.792 INFO [main] org.apache.tomcat.util.net.NioSelectorPool.getSharedSelector Using a shared selector for servlet write/read
06-Jan-2019 22:35:17.793 INFO [main] org.apache.catalina.startup.Catalina.load Initialization processed in 445 ms
06-Jan-2019 22:35:17.829 INFO [main] org.apache.catalina.core.StandardService.startInternal Starting service [Catalina]
06-Jan-2019 22:35:17.829 INFO [main] org.apache.catalina.core.StandardEngine.startInternal Starting Servlet Engine: Apache Tomcat/9.0.13
06-Jan-2019 22:35:17.838 INFO [main] org.apache.catalina.startup.HostConfig.deployDirectory Deploying web application directory [/home/honorius/projects/dist1/labs/progr-dist/cap12/javaws/apache-tomcat-9.0.13/webapps/docs]
06-Jan-2019 22:35:18.141 INFO [main] org.apache.catalina.startup.HostConfig.deployDirectory Deployment of web application directory [/home/honorius/projects/dist1/labs/progr-dist/cap12/javaws/apache-tomcat-9.0.13/webapps/docs] has finished in [303] ms
06-Jan-2019 22:35:18.142 INFO [main] org.apache.catalina.startup.HostConfig.deployDirectory Deploying web application directory [/home/honorius/projects/dist1/labs/progr-dist/cap12/javaws/apache-tomcat-9.0.13/webapps/manager]
06-Jan-2019 22:35:18.170 INFO [main] org.apache.catalina.startup.HostConfig.deployDirectory Deployment of web application directory [/home/honorius/projects/dist1/labs/progr-dist/cap12/javaws/apache-tomcat-9.0.13/webapps/manager] has finished in [28] ms
06-Jan-2019 22:35:18.171 INFO [main] org.apache.catalina.startup.HostConfig.deployDirectory Deploying web application directory [/home/honorius/projects/dist1/labs/progr-dist/cap12/javaws/apache-tomcat-9.0.13/webapps/examples]
06-Jan-2019 22:35:18.390 INFO [main] org.apache.catalina.startup.HostConfig.deployDirectory Deployment of web application directory [/home/honorius/projects/dist1/labs/progr-dist/cap12/javaws/apache-tomcat-9.0.13/webapps/examples] has finished in [218] ms
06-Jan-2019 22:35:18.390 INFO [main] org.apache.catalina.startup.HostConfig.deployDirectory Deploying web application directory [/home/honorius/projects/dist1/labs/progr-dist/cap12/javaws/apache-tomcat-9.0.13/webapps/ROOT]
06-Jan-2019 22:35:18.404 INFO [main] org.apache.catalina.startup.HostConfig.deployDirectory Deployment of web application directory [/home/honorius/projects/dist1/labs/progr-dist/cap12/javaws/apache-tomcat-9.0.13/webapps/ROOT] has finished in [14] ms
06-Jan-2019 22:35:18.404 INFO [main] org.apache.catalina.startup.HostConfig.deployDirectory Deploying web application directory [/home/honorius/projects/dist1/labs/progr-dist/cap12/javaws/apache-tomcat-9.0.13/webapps/host-manager]
06-Jan-2019 22:35:18.420 INFO [main] org.apache.catalina.startup.HostConfig.deployDirectory Deployment of web application directory [/home/honorius/projects/dist1/labs/progr-dist/cap12/javaws/apache-tomcat-9.0.13/webapps/host-manager] has finished in [16] ms
06-Jan-2019 22:35:18.423 INFO [main] org.apache.coyote.AbstractProtocol.start Starting ProtocolHandler ["http-nio-8080"]
06-Jan-2019 22:35:18.430 INFO [main] org.apache.coyote.AbstractProtocol.start Starting ProtocolHandler ["ajp-nio-8009"]
06-Jan-2019 22:35:18.431 INFO [main] org.apache.catalina.startup.Catalina.start Server startup in 637 ms
06-Jan-2019 22:35:28.428 INFO [ContainerBackgroundProcessor[StandardEngine[Catalina]]] org.apache.catalina.startup.HostConfig.deployWAR Deploying web application archive [/home/honorius/projects/dist1/labs/progr-dist/cap12/javaws/apache-tomcat-9.0.13/webapps/cmmdc.war]
06-Jan-2019 22:35:28.459 INFO [ContainerBackgroundProcessor[StandardEngine[Catalina]]] org.apache.catalina.startup.HostConfig.deployWAR Deployment of web application archive [/home/honorius/projects/dist1/labs/progr-dist/cap12/javaws/apache-tomcat-9.0.13/webapps/cmmdc.war] has finished in [31] ms
06-Jan-2019 22:40:25.426 INFO [main] org.apache.catalina.core.StandardServer.await A valid shutdown command was received via the shutdown port. Stopping the Server instance.
06-Jan-2019 22:40:25.427 INFO [main] org.apache.coyote.AbstractProtocol.pause Pausing ProtocolHandler ["http-nio-8080"]
06-Jan-2019 22:40:25.434 INFO [main] org.apache.coyote.AbstractProtocol.pause Pausing ProtocolHandler ["ajp-nio-8009"]
06-Jan-2019 22:40:25.440 INFO [main] org.apache.catalina.core.StandardService.stopInternal Stopping service [Catalina]
06-Jan-2019 22:40:25.468 INFO [main] org.apache.coyote.AbstractProtocol.stop Stopping ProtocolHandler ["http-nio-8080"]
06-Jan-2019 22:40:25.469 INFO [main] org.apache.coyote.AbstractProtocol.stop Stopping ProtocolHandler ["ajp-nio-8009"]
06-Jan-2019 22:40:25.471 INFO [main] org.apache.coyote.AbstractProtocol.destroy Destroying ProtocolHandler ["http-nio-8080"]
06-Jan-2019 22:40:25.473 INFO [main] org.apache.coyote.AbstractProtocol.destroy Destroying ProtocolHandler ["ajp-nio-8009"]
06-Jan-2019 22:40:27.504 INFO [main] org.apache.catalina.startup.VersionLoggerListener.log Server version:        Apache Tomcat/9.0.13
06-Jan-2019 22:40:27.506 INFO [main] org.apache.catalina.startup.VersionLoggerListener.log Server built:          Nov 2 2018 14:27:55 UTC
06-Jan-2019 22:40:27.506 INFO [main] org.apache.catalina.startup.VersionLoggerListener.log Server number:         9.0.13.0
06-Jan-2019 22:40:27.506 INFO [main] org.apache.catalina.startup.VersionLoggerListener.log OS Name:               Linux
06-Jan-2019 22:40:27.506 INFO [main] org.apache.catalina.startup.VersionLoggerListener.log OS Version:            4.8.10-300.fc25.x86_64
06-Jan-2019 22:40:27.506 INFO [main] org.apache.catalina.startup.VersionLoggerListener.log Architecture:          amd64
06-Jan-2019 22:40:27.506 INFO [main] org.apache.catalina.startup.VersionLoggerListener.log Java Home:             /usr/lib/jvm/java-1.8.0-openjdk-1.8.0.151-1.b12.fc25.x86_64/jre
06-Jan-2019 22:40:27.506 INFO [main] org.apache.catalina.startup.VersionLoggerListener.log JVM Version:           1.8.0_151-b12
06-Jan-2019 22:40:27.506 INFO [main] org.apache.catalina.startup.VersionLoggerListener.log JVM Vendor:            Oracle Corporation
06-Jan-2019 22:40:27.507 INFO [main] org.apache.catalina.startup.VersionLoggerListener.log CATALINA_BASE:         /home/honorius/projects/dist1/labs/progr-dist/cap12/javaws/apache-tomcat-9.0.13
06-Jan-2019 22:40:27.507 INFO [main] org.apache.catalina.startup.VersionLoggerListener.log CATALINA_HOME:         /home/honorius/projects/dist1/labs/progr-dist/cap12/javaws/apache-tomcat-9.0.13
06-Jan-2019 22:40:27.507 INFO [main] org.apache.catalina.startup.VersionLoggerListener.log Command line argument: -Djava.util.logging.config.file=/home/honorius/projects/dist1/labs/progr-dist/cap12/javaws/apache-tomcat-9.0.13/conf/logging.properties
06-Jan-2019 22:40:27.507 INFO [main] org.apache.catalina.startup.VersionLoggerListener.log Command line argument: -Djava.util.logging.manager=org.apache.juli.ClassLoaderLogManager
06-Jan-2019 22:40:27.507 INFO [main] org.apache.catalina.startup.VersionLoggerListener.log Command line argument: -Djdk.tls.ephemeralDHKeySize=2048
06-Jan-2019 22:40:27.507 INFO [main] org.apache.catalina.startup.VersionLoggerListener.log Command line argument: -Djava.protocol.handler.pkgs=org.apache.catalina.webresources
06-Jan-2019 22:40:27.507 INFO [main] org.apache.catalina.startup.VersionLoggerListener.log Command line argument: -Dorg.apache.catalina.security.SecurityListener.UMASK=0027
06-Jan-2019 22:40:27.507 INFO [main] org.apache.catalina.startup.VersionLoggerListener.log Command line argument: -Dignore.endorsed.dirs=
06-Jan-2019 22:40:27.507 INFO [main] org.apache.catalina.startup.VersionLoggerListener.log Command line argument: -Dcatalina.base=/home/honorius/projects/dist1/labs/progr-dist/cap12/javaws/apache-tomcat-9.0.13
06-Jan-2019 22:40:27.508 INFO [main] org.apache.catalina.startup.VersionLoggerListener.log Command line argument: -Dcatalina.home=/home/honorius/projects/dist1/labs/progr-dist/cap12/javaws/apache-tomcat-9.0.13
06-Jan-2019 22:40:27.508 INFO [main] org.apache.catalina.startup.VersionLoggerListener.log Command line argument: -Djava.io.tmpdir=/home/honorius/projects/dist1/labs/progr-dist/cap12/javaws/apache-tomcat-9.0.13/temp
06-Jan-2019 22:40:27.508 INFO [main] org.apache.catalina.core.AprLifecycleListener.lifecycleEvent The APR based Apache Tomcat Native library which allows optimal performance in production environments was not found on the java.library.path: [:/usr/local/cuda/lib64:/usr/java/packages/lib/amd64:/usr/lib64:/lib64:/lib:/usr/lib]
06-Jan-2019 22:40:27.560 INFO [main] org.apache.coyote.AbstractProtocol.init Initializing ProtocolHandler ["http-nio-8080"]
06-Jan-2019 22:40:27.570 INFO [main] org.apache.tomcat.util.net.NioSelectorPool.getSharedSelector Using a shared selector for servlet write/read
06-Jan-2019 22:40:27.581 INFO [main] org.apache.coyote.AbstractProtocol.init Initializing ProtocolHandler ["ajp-nio-8009"]
06-Jan-2019 22:40:27.582 INFO [main] org.apache.tomcat.util.net.NioSelectorPool.getSharedSelector Using a shared selector for servlet write/read
06-Jan-2019 22:40:27.583 INFO [main] org.apache.catalina.startup.Catalina.load Initialization processed in 421 ms
06-Jan-2019 22:40:27.618 INFO [main] org.apache.catalina.core.StandardService.startInternal Starting service [Catalina]
06-Jan-2019 22:40:27.619 INFO [main] org.apache.catalina.core.StandardEngine.startInternal Starting Servlet Engine: Apache Tomcat/9.0.13
06-Jan-2019 22:40:27.646 INFO [main] org.apache.catalina.startup.HostConfig.deployWAR Deploying web application archive [/home/honorius/projects/dist1/labs/progr-dist/cap12/javaws/apache-tomcat-9.0.13/webapps/cmmdc.war]
06-Jan-2019 22:40:27.904 INFO [main] org.apache.jasper.servlet.TldScanner.scanJars At least one JAR was scanned for TLDs yet contained no TLDs. Enable debug logging for this logger for a complete list of JARs that were scanned but no TLDs were found in them. Skipping unneeded JARs during scanning can improve startup time and JSP compilation time.
06-Jan-2019 22:40:27.925 INFO [main] org.apache.catalina.startup.HostConfig.deployWAR Deployment of web application archive [/home/honorius/projects/dist1/labs/progr-dist/cap12/javaws/apache-tomcat-9.0.13/webapps/cmmdc.war] has finished in [279] ms
06-Jan-2019 22:40:27.926 INFO [main] org.apache.catalina.startup.HostConfig.deployDirectory Deploying web application directory [/home/honorius/projects/dist1/labs/progr-dist/cap12/javaws/apache-tomcat-9.0.13/webapps/docs]
06-Jan-2019 22:40:27.949 INFO [main] org.apache.jasper.servlet.TldScanner.scanJars At least one JAR was scanned for TLDs yet contained no TLDs. Enable debug logging for this logger for a complete list of JARs that were scanned but no TLDs were found in them. Skipping unneeded JARs during scanning can improve startup time and JSP compilation time.
06-Jan-2019 22:40:27.951 INFO [main] org.apache.catalina.startup.HostConfig.deployDirectory Deployment of web application directory [/home/honorius/projects/dist1/labs/progr-dist/cap12/javaws/apache-tomcat-9.0.13/webapps/docs] has finished in [25] ms
06-Jan-2019 22:40:27.951 INFO [main] org.apache.catalina.startup.HostConfig.deployDirectory Deploying web application directory [/home/honorius/projects/dist1/labs/progr-dist/cap12/javaws/apache-tomcat-9.0.13/webapps/manager]
06-Jan-2019 22:40:27.981 INFO [main] org.apache.jasper.servlet.TldScanner.scanJars At least one JAR was scanned for TLDs yet contained no TLDs. Enable debug logging for this logger for a complete list of JARs that were scanned but no TLDs were found in them. Skipping unneeded JARs during scanning can improve startup time and JSP compilation time.
06-Jan-2019 22:40:27.984 INFO [main] org.apache.catalina.startup.HostConfig.deployDirectory Deployment of web application directory [/home/honorius/projects/dist1/labs/progr-dist/cap12/javaws/apache-tomcat-9.0.13/webapps/manager] has finished in [33] ms
06-Jan-2019 22:40:27.985 INFO [main] org.apache.catalina.startup.HostConfig.deployDirectory Deploying web application directory [/home/honorius/projects/dist1/labs/progr-dist/cap12/javaws/apache-tomcat-9.0.13/webapps/examples]
06-Jan-2019 22:40:28.162 INFO [main] org.apache.jasper.servlet.TldScanner.scanJars At least one JAR was scanned for TLDs yet contained no TLDs. Enable debug logging for this logger for a complete list of JARs that were scanned but no TLDs were found in them. Skipping unneeded JARs during scanning can improve startup time and JSP compilation time.
06-Jan-2019 22:40:28.178 INFO [main] org.apache.catalina.startup.HostConfig.deployDirectory Deployment of web application directory [/home/honorius/projects/dist1/labs/progr-dist/cap12/javaws/apache-tomcat-9.0.13/webapps/examples] has finished in [193] ms
06-Jan-2019 22:40:28.179 INFO [main] org.apache.catalina.startup.HostConfig.deployDirectory Deploying web application directory [/home/honorius/projects/dist1/labs/progr-dist/cap12/javaws/apache-tomcat-9.0.13/webapps/ROOT]
06-Jan-2019 22:40:28.198 INFO [main] org.apache.jasper.servlet.TldScanner.scanJars At least one JAR was scanned for TLDs yet contained no TLDs. Enable debug logging for this logger for a complete list of JARs that were scanned but no TLDs were found in them. Skipping unneeded JARs during scanning can improve startup time and JSP compilation time.
06-Jan-2019 22:40:28.200 INFO [main] org.apache.catalina.startup.HostConfig.deployDirectory Deployment of web application directory [/home/honorius/projects/dist1/labs/progr-dist/cap12/javaws/apache-tomcat-9.0.13/webapps/ROOT] has finished in [21] ms
06-Jan-2019 22:40:28.200 INFO [main] org.apache.catalina.startup.HostConfig.deployDirectory Deploying web application directory [/home/honorius/projects/dist1/labs/progr-dist/cap12/javaws/apache-tomcat-9.0.13/webapps/host-manager]
06-Jan-2019 22:40:28.222 INFO [main] org.apache.jasper.servlet.TldScanner.scanJars At least one JAR was scanned for TLDs yet contained no TLDs. Enable debug logging for this logger for a complete list of JARs that were scanned but no TLDs were found in them. Skipping unneeded JARs during scanning can improve startup time and JSP compilation time.
06-Jan-2019 22:40:28.224 INFO [main] org.apache.catalina.startup.HostConfig.deployDirectory Deployment of web application directory [/home/honorius/projects/dist1/labs/progr-dist/cap12/javaws/apache-tomcat-9.0.13/webapps/host-manager] has finished in [24] ms
06-Jan-2019 22:40:28.227 INFO [main] org.apache.coyote.AbstractProtocol.start Starting ProtocolHandler ["http-nio-8080"]
06-Jan-2019 22:40:28.238 INFO [main] org.apache.coyote.AbstractProtocol.start Starting ProtocolHandler ["ajp-nio-8009"]
06-Jan-2019 22:40:28.240 INFO [main] org.apache.catalina.startup.Catalina.start Server startup in 655 ms
06-Jan-2019 22:41:36.223 INFO [main] org.apache.catalina.core.StandardServer.await A valid shutdown command was received via the shutdown port. Stopping the Server instance.
06-Jan-2019 22:41:36.223 INFO [main] org.apache.coyote.AbstractProtocol.pause Pausing ProtocolHandler ["http-nio-8080"]
06-Jan-2019 22:41:36.232 INFO [main] org.apache.coyote.AbstractProtocol.pause Pausing ProtocolHandler ["ajp-nio-8009"]
06-Jan-2019 22:41:36.238 INFO [main] org.apache.catalina.core.StandardService.stopInternal Stopping service [Catalina]
06-Jan-2019 22:41:36.267 INFO [main] org.apache.coyote.AbstractProtocol.stop Stopping ProtocolHandler ["http-nio-8080"]
06-Jan-2019 22:41:36.268 INFO [main] org.apache.coyote.AbstractProtocol.stop Stopping ProtocolHandler ["ajp-nio-8009"]
06-Jan-2019 22:41:36.269 INFO [main] org.apache.coyote.AbstractProtocol.destroy Destroying ProtocolHandler ["http-nio-8080"]
06-Jan-2019 22:41:36.270 INFO [main] org.apache.coyote.AbstractProtocol.destroy Destroying ProtocolHandler ["ajp-nio-8009"]
06-Jan-2019 22:45:35.047 INFO [main] org.apache.catalina.startup.VersionLoggerListener.log Server version:        Apache Tomcat/9.0.13
06-Jan-2019 22:45:35.049 INFO [main] org.apache.catalina.startup.VersionLoggerListener.log Server built:          Nov 2 2018 14:27:55 UTC
06-Jan-2019 22:45:35.049 INFO [main] org.apache.catalina.startup.VersionLoggerListener.log Server number:         9.0.13.0
06-Jan-2019 22:45:35.049 INFO [main] org.apache.catalina.startup.VersionLoggerListener.log OS Name:               Linux
06-Jan-2019 22:45:35.049 INFO [main] org.apache.catalina.startup.VersionLoggerListener.log OS Version:            4.8.10-300.fc25.x86_64
06-Jan-2019 22:45:35.049 INFO [main] org.apache.catalina.startup.VersionLoggerListener.log Architecture:          amd64
06-Jan-2019 22:45:35.050 INFO [main] org.apache.catalina.startup.VersionLoggerListener.log Java Home:             /usr/lib/jvm/java-1.8.0-openjdk-1.8.0.151-1.b12.fc25.x86_64/jre
06-Jan-2019 22:45:35.050 INFO [main] org.apache.catalina.startup.VersionLoggerListener.log JVM Version:           1.8.0_151-b12
06-Jan-2019 22:45:35.050 INFO [main] org.apache.catalina.startup.VersionLoggerListener.log JVM Vendor:            Oracle Corporation
06-Jan-2019 22:45:35.050 INFO [main] org.apache.catalina.startup.VersionLoggerListener.log CATALINA_BASE:         /home/honorius/projects/dist1/labs/progr-dist/cap12/javaws/apache-tomcat-9.0.13
06-Jan-2019 22:45:35.050 INFO [main] org.apache.catalina.startup.VersionLoggerListener.log CATALINA_HOME:         /home/honorius/projects/dist1/labs/progr-dist/cap12/javaws/apache-tomcat-9.0.13
06-Jan-2019 22:45:35.050 INFO [main] org.apache.catalina.startup.VersionLoggerListener.log Command line argument: -Djava.util.logging.config.file=/home/honorius/projects/dist1/labs/progr-dist/cap12/javaws/apache-tomcat-9.0.13/conf/logging.properties
06-Jan-2019 22:45:35.050 INFO [main] org.apache.catalina.startup.VersionLoggerListener.log Command line argument: -Djava.util.logging.manager=org.apache.juli.ClassLoaderLogManager
06-Jan-2019 22:45:35.050 INFO [main] org.apache.catalina.startup.VersionLoggerListener.log Command line argument: -Djdk.tls.ephemeralDHKeySize=2048
06-Jan-2019 22:45:35.051 INFO [main] org.apache.catalina.startup.VersionLoggerListener.log Command line argument: -Djava.protocol.handler.pkgs=org.apache.catalina.webresources
06-Jan-2019 22:45:35.051 INFO [main] org.apache.catalina.startup.VersionLoggerListener.log Command line argument: -Dorg.apache.catalina.security.SecurityListener.UMASK=0027
06-Jan-2019 22:45:35.051 INFO [main] org.apache.catalina.startup.VersionLoggerListener.log Command line argument: -Dignore.endorsed.dirs=
06-Jan-2019 22:45:35.051 INFO [main] org.apache.catalina.startup.VersionLoggerListener.log Command line argument: -Dcatalina.base=/home/honorius/projects/dist1/labs/progr-dist/cap12/javaws/apache-tomcat-9.0.13
06-Jan-2019 22:45:35.051 INFO [main] org.apache.catalina.startup.VersionLoggerListener.log Command line argument: -Dcatalina.home=/home/honorius/projects/dist1/labs/progr-dist/cap12/javaws/apache-tomcat-9.0.13
06-Jan-2019 22:45:35.051 INFO [main] org.apache.catalina.startup.VersionLoggerListener.log Command line argument: -Djava.io.tmpdir=/home/honorius/projects/dist1/labs/progr-dist/cap12/javaws/apache-tomcat-9.0.13/temp
06-Jan-2019 22:45:35.051 INFO [main] org.apache.catalina.core.AprLifecycleListener.lifecycleEvent The APR based Apache Tomcat Native library which allows optimal performance in production environments was not found on the java.library.path: [:/usr/local/cuda/lib64:/usr/java/packages/lib/amd64:/usr/lib64:/lib64:/lib:/usr/lib]
06-Jan-2019 22:45:35.125 INFO [main] org.apache.coyote.AbstractProtocol.init Initializing ProtocolHandler ["http-nio-8080"]
06-Jan-2019 22:45:35.136 INFO [main] org.apache.tomcat.util.net.NioSelectorPool.getSharedSelector Using a shared selector for servlet write/read
06-Jan-2019 22:45:35.147 INFO [main] org.apache.coyote.AbstractProtocol.init Initializing ProtocolHandler ["ajp-nio-8009"]
06-Jan-2019 22:45:35.148 INFO [main] org.apache.tomcat.util.net.NioSelectorPool.getSharedSelector Using a shared selector for servlet write/read
06-Jan-2019 22:45:35.149 INFO [main] org.apache.catalina.startup.Catalina.load Initialization processed in 436 ms
06-Jan-2019 22:45:35.180 INFO [main] org.apache.catalina.core.StandardService.startInternal Starting service [Catalina]
06-Jan-2019 22:45:35.180 INFO [main] org.apache.catalina.core.StandardEngine.startInternal Starting Servlet Engine: Apache Tomcat/9.0.13
06-Jan-2019 22:45:35.195 INFO [main] org.apache.catalina.startup.HostConfig.deployWAR Deploying web application archive [/home/honorius/projects/dist1/labs/progr-dist/cap12/javaws/apache-tomcat-9.0.13/webapps/cmmdc.war]
06-Jan-2019 22:45:35.469 INFO [main] org.apache.jasper.servlet.TldScanner.scanJars At least one JAR was scanned for TLDs yet contained no TLDs. Enable debug logging for this logger for a complete list of JARs that were scanned but no TLDs were found in them. Skipping unneeded JARs during scanning can improve startup time and JSP compilation time.
06-Jan-2019 22:45:35.498 INFO [main] org.apache.catalina.startup.HostConfig.deployWAR Deployment of web application archive [/home/honorius/projects/dist1/labs/progr-dist/cap12/javaws/apache-tomcat-9.0.13/webapps/cmmdc.war] has finished in [303] ms
06-Jan-2019 22:45:35.499 INFO [main] org.apache.catalina.startup.HostConfig.deployDirectory Deploying web application directory [/home/honorius/projects/dist1/labs/progr-dist/cap12/javaws/apache-tomcat-9.0.13/webapps/docs]
06-Jan-2019 22:45:35.516 INFO [main] org.apache.catalina.startup.HostConfig.deployDirectory Deployment of web application directory [/home/honorius/projects/dist1/labs/progr-dist/cap12/javaws/apache-tomcat-9.0.13/webapps/docs] has finished in [17] ms
06-Jan-2019 22:45:35.517 INFO [main] org.apache.catalina.startup.HostConfig.deployDirectory Deploying web application directory [/home/honorius/projects/dist1/labs/progr-dist/cap12/javaws/apache-tomcat-9.0.13/webapps/manager]
06-Jan-2019 22:45:35.549 INFO [main] org.apache.catalina.startup.HostConfig.deployDirectory Deployment of web application directory [/home/honorius/projects/dist1/labs/progr-dist/cap12/javaws/apache-tomcat-9.0.13/webapps/manager] has finished in [32] ms
06-Jan-2019 22:45:35.549 INFO [main] org.apache.catalina.startup.HostConfig.deployDirectory Deploying web application directory [/home/honorius/projects/dist1/labs/progr-dist/cap12/javaws/apache-tomcat-9.0.13/webapps/examples]
06-Jan-2019 22:45:35.774 INFO [main] org.apache.catalina.startup.HostConfig.deployDirectory Deployment of web application directory [/home/honorius/projects/dist1/labs/progr-dist/cap12/javaws/apache-tomcat-9.0.13/webapps/examples] has finished in [225] ms
06-Jan-2019 22:45:35.774 INFO [main] org.apache.catalina.startup.HostConfig.deployDirectory Deploying web application directory [/home/honorius/projects/dist1/labs/progr-dist/cap12/javaws/apache-tomcat-9.0.13/webapps/ROOT]
06-Jan-2019 22:45:35.790 INFO [main] org.apache.catalina.startup.HostConfig.deployDirectory Deployment of web application directory [/home/honorius/projects/dist1/labs/progr-dist/cap12/javaws/apache-tomcat-9.0.13/webapps/ROOT] has finished in [16] ms
06-Jan-2019 22:45:35.790 INFO [main] org.apache.catalina.startup.HostConfig.deployDirectory Deploying web application directory [/home/honorius/projects/dist1/labs/progr-dist/cap12/javaws/apache-tomcat-9.0.13/webapps/host-manager]
06-Jan-2019 22:45:35.810 INFO [main] org.apache.catalina.startup.HostConfig.deployDirectory Deployment of web application directory [/home/honorius/projects/dist1/labs/progr-dist/cap12/javaws/apache-tomcat-9.0.13/webapps/host-manager] has finished in [20] ms
06-Jan-2019 22:45:35.814 INFO [main] org.apache.coyote.AbstractProtocol.start Starting ProtocolHandler ["http-nio-8080"]
06-Jan-2019 22:45:35.834 INFO [main] org.apache.coyote.AbstractProtocol.start Starting ProtocolHandler ["ajp-nio-8009"]
06-Jan-2019 22:45:35.848 INFO [main] org.apache.catalina.startup.Catalina.start Server startup in 698 ms
06-Jan-2019 22:56:58.230 INFO [http-nio-8080-exec-5] org.apache.coyote.http11.Http11Processor.service Error parsing HTTP request header
 Note: further occurrences of HTTP request parsing errors will be logged at DEBUG level.
 java.lang.IllegalArgumentException: Invalid character found in method name. HTTP method names must be tokens
	at org.apache.coyote.http11.Http11InputBuffer.parseRequestLine(Http11InputBuffer.java:414)
	at org.apache.coyote.http11.Http11Processor.service(Http11Processor.java:294)
	at org.apache.coyote.AbstractProcessorLight.process(AbstractProcessorLight.java:66)
	at org.apache.coyote.AbstractProtocol$ConnectionHandler.process(AbstractProtocol.java:791)
	at org.apache.tomcat.util.net.NioEndpoint$SocketProcessor.doRun(NioEndpoint.java:1417)
	at org.apache.tomcat.util.net.SocketProcessorBase.run(SocketProcessorBase.java:49)
	at java.util.concurrent.ThreadPoolExecutor.runWorker(ThreadPoolExecutor.java:1149)
	at java.util.concurrent.ThreadPoolExecutor$Worker.run(ThreadPoolExecutor.java:624)
	at org.apache.tomcat.util.threads.TaskThread$WrappingRunnable.run(TaskThread.java:61)
	at java.lang.Thread.run(Thread.java:748)

06-Jan-2019 22:58:59.940 INFO [main] org.apache.catalina.core.StandardServer.await A valid shutdown command was received via the shutdown port. Stopping the Server instance.
06-Jan-2019 22:58:59.940 INFO [main] org.apache.coyote.AbstractProtocol.pause Pausing ProtocolHandler ["http-nio-8080"]
06-Jan-2019 22:58:59.949 INFO [main] org.apache.coyote.AbstractProtocol.pause Pausing ProtocolHandler ["ajp-nio-8009"]
06-Jan-2019 22:58:59.955 INFO [main] org.apache.catalina.core.StandardService.stopInternal Stopping service [Catalina]
06-Jan-2019 22:58:59.982 INFO [main] org.apache.coyote.AbstractProtocol.stop Stopping ProtocolHandler ["http-nio-8080"]
06-Jan-2019 22:58:59.984 INFO [main] org.apache.coyote.AbstractProtocol.stop Stopping ProtocolHandler ["ajp-nio-8009"]
06-Jan-2019 22:58:59.985 INFO [main] org.apache.coyote.AbstractProtocol.destroy Destroying ProtocolHandler ["http-nio-8080"]
06-Jan-2019 22:58:59.985 INFO [main] org.apache.coyote.AbstractProtocol.destroy Destroying ProtocolHandler ["ajp-nio-8009"]
06-Jan-2019 22:59:02.177 INFO [main] org.apache.catalina.startup.VersionLoggerListener.log Server version:        Apache Tomcat/9.0.13
06-Jan-2019 22:59:02.180 INFO [main] org.apache.catalina.startup.VersionLoggerListener.log Server built:          Nov 2 2018 14:27:55 UTC
06-Jan-2019 22:59:02.180 INFO [main] org.apache.catalina.startup.VersionLoggerListener.log Server number:         9.0.13.0
06-Jan-2019 22:59:02.180 INFO [main] org.apache.catalina.startup.VersionLoggerListener.log OS Name:               Linux
06-Jan-2019 22:59:02.180 INFO [main] org.apache.catalina.startup.VersionLoggerListener.log OS Version:            4.8.10-300.fc25.x86_64
06-Jan-2019 22:59:02.180 INFO [main] org.apache.catalina.startup.VersionLoggerListener.log Architecture:          amd64
06-Jan-2019 22:59:02.181 INFO [main] org.apache.catalina.startup.VersionLoggerListener.log Java Home:             /usr/lib/jvm/java-1.8.0-openjdk-1.8.0.151-1.b12.fc25.x86_64/jre
06-Jan-2019 22:59:02.181 INFO [main] org.apache.catalina.startup.VersionLoggerListener.log JVM Version:           1.8.0_151-b12
06-Jan-2019 22:59:02.181 INFO [main] org.apache.catalina.startup.VersionLoggerListener.log JVM Vendor:            Oracle Corporation
06-Jan-2019 22:59:02.181 INFO [main] org.apache.catalina.startup.VersionLoggerListener.log CATALINA_BASE:         /home/honorius/projects/dist1/labs/progr-dist/cap12/javaws/apache-tomcat-9.0.13
06-Jan-2019 22:59:02.181 INFO [main] org.apache.catalina.startup.VersionLoggerListener.log CATALINA_HOME:         /home/honorius/projects/dist1/labs/progr-dist/cap12/javaws/apache-tomcat-9.0.13
06-Jan-2019 22:59:02.181 INFO [main] org.apache.catalina.startup.VersionLoggerListener.log Command line argument: -Djava.util.logging.config.file=/home/honorius/projects/dist1/labs/progr-dist/cap12/javaws/apache-tomcat-9.0.13/conf/logging.properties
06-Jan-2019 22:59:02.182 INFO [main] org.apache.catalina.startup.VersionLoggerListener.log Command line argument: -Djava.util.logging.manager=org.apache.juli.ClassLoaderLogManager
06-Jan-2019 22:59:02.182 INFO [main] org.apache.catalina.startup.VersionLoggerListener.log Command line argument: -Djdk.tls.ephemeralDHKeySize=2048
06-Jan-2019 22:59:02.182 INFO [main] org.apache.catalina.startup.VersionLoggerListener.log Command line argument: -Djava.protocol.handler.pkgs=org.apache.catalina.webresources
06-Jan-2019 22:59:02.182 INFO [main] org.apache.catalina.startup.VersionLoggerListener.log Command line argument: -Dorg.apache.catalina.security.SecurityListener.UMASK=0027
06-Jan-2019 22:59:02.182 INFO [main] org.apache.catalina.startup.VersionLoggerListener.log Command line argument: -Dignore.endorsed.dirs=
06-Jan-2019 22:59:02.182 INFO [main] org.apache.catalina.startup.VersionLoggerListener.log Command line argument: -Dcatalina.base=/home/honorius/projects/dist1/labs/progr-dist/cap12/javaws/apache-tomcat-9.0.13
06-Jan-2019 22:59:02.182 INFO [main] org.apache.catalina.startup.VersionLoggerListener.log Command line argument: -Dcatalina.home=/home/honorius/projects/dist1/labs/progr-dist/cap12/javaws/apache-tomcat-9.0.13
06-Jan-2019 22:59:02.182 INFO [main] org.apache.catalina.startup.VersionLoggerListener.log Command line argument: -Djava.io.tmpdir=/home/honorius/projects/dist1/labs/progr-dist/cap12/javaws/apache-tomcat-9.0.13/temp
06-Jan-2019 22:59:02.182 INFO [main] org.apache.catalina.core.AprLifecycleListener.lifecycleEvent The APR based Apache Tomcat Native library which allows optimal performance in production environments was not found on the java.library.path: [:/usr/local/cuda/lib64:/usr/java/packages/lib/amd64:/usr/lib64:/lib64:/lib:/usr/lib]
06-Jan-2019 22:59:02.247 INFO [main] org.apache.coyote.AbstractProtocol.init Initializing ProtocolHandler ["http-nio-8080"]
06-Jan-2019 22:59:02.261 INFO [main] org.apache.tomcat.util.net.NioSelectorPool.getSharedSelector Using a shared selector for servlet write/read
06-Jan-2019 22:59:02.275 INFO [main] org.apache.coyote.AbstractProtocol.init Initializing ProtocolHandler ["ajp-nio-8009"]
06-Jan-2019 22:59:02.277 INFO [main] org.apache.tomcat.util.net.NioSelectorPool.getSharedSelector Using a shared selector for servlet write/read
06-Jan-2019 22:59:02.280 INFO [main] org.apache.catalina.startup.Catalina.load Initialization processed in 455 ms
06-Jan-2019 22:59:02.312 INFO [main] org.apache.catalina.core.StandardService.startInternal Starting service [Catalina]
06-Jan-2019 22:59:02.312 INFO [main] org.apache.catalina.core.StandardEngine.startInternal Starting Servlet Engine: Apache Tomcat/9.0.13
06-Jan-2019 22:59:02.329 INFO [main] org.apache.catalina.startup.HostConfig.deployWAR Deploying web application archive [/home/honorius/projects/dist1/labs/progr-dist/cap12/javaws/apache-tomcat-9.0.13/webapps/cmmdc.war]
06-Jan-2019 22:59:02.619 INFO [main] org.apache.jasper.servlet.TldScanner.scanJars At least one JAR was scanned for TLDs yet contained no TLDs. Enable debug logging for this logger for a complete list of JARs that were scanned but no TLDs were found in them. Skipping unneeded JARs during scanning can improve startup time and JSP compilation time.
06-Jan-2019 22:59:02.639 INFO [main] org.apache.catalina.startup.HostConfig.deployWAR Deployment of web application archive [/home/honorius/projects/dist1/labs/progr-dist/cap12/javaws/apache-tomcat-9.0.13/webapps/cmmdc.war] has finished in [310] ms
06-Jan-2019 22:59:02.640 INFO [main] org.apache.catalina.startup.HostConfig.deployDirectory Deploying web application directory [/home/honorius/projects/dist1/labs/progr-dist/cap12/javaws/apache-tomcat-9.0.13/webapps/docs]
06-Jan-2019 22:59:02.656 INFO [main] org.apache.catalina.startup.HostConfig.deployDirectory Deployment of web application directory [/home/honorius/projects/dist1/labs/progr-dist/cap12/javaws/apache-tomcat-9.0.13/webapps/docs] has finished in [15] ms
06-Jan-2019 22:59:02.656 INFO [main] org.apache.catalina.startup.HostConfig.deployDirectory Deploying web application directory [/home/honorius/projects/dist1/labs/progr-dist/cap12/javaws/apache-tomcat-9.0.13/webapps/manager]
06-Jan-2019 22:59:02.682 INFO [main] org.apache.catalina.startup.HostConfig.deployDirectory Deployment of web application directory [/home/honorius/projects/dist1/labs/progr-dist/cap12/javaws/apache-tomcat-9.0.13/webapps/manager] has finished in [26] ms
06-Jan-2019 22:59:02.683 INFO [main] org.apache.catalina.startup.HostConfig.deployDirectory Deploying web application directory [/home/honorius/projects/dist1/labs/progr-dist/cap12/javaws/apache-tomcat-9.0.13/webapps/examples]
06-Jan-2019 22:59:02.871 INFO [main] org.apache.catalina.startup.HostConfig.deployDirectory Deployment of web application directory [/home/honorius/projects/dist1/labs/progr-dist/cap12/javaws/apache-tomcat-9.0.13/webapps/examples] has finished in [188] ms
06-Jan-2019 22:59:02.871 INFO [main] org.apache.catalina.startup.HostConfig.deployDirectory Deploying web application directory [/home/honorius/projects/dist1/labs/progr-dist/cap12/javaws/apache-tomcat-9.0.13/webapps/ROOT]
06-Jan-2019 22:59:02.885 INFO [main] org.apache.catalina.startup.HostConfig.deployDirectory Deployment of web application directory [/home/honorius/projects/dist1/labs/progr-dist/cap12/javaws/apache-tomcat-9.0.13/webapps/ROOT] has finished in [14] ms
06-Jan-2019 22:59:02.886 INFO [main] org.apache.catalina.startup.HostConfig.deployDirectory Deploying web application directory [/home/honorius/projects/dist1/labs/progr-dist/cap12/javaws/apache-tomcat-9.0.13/webapps/host-manager]
06-Jan-2019 22:59:02.903 INFO [main] org.apache.catalina.startup.HostConfig.deployDirectory Deployment of web application directory [/home/honorius/projects/dist1/labs/progr-dist/cap12/javaws/apache-tomcat-9.0.13/webapps/host-manager] has finished in [17] ms
06-Jan-2019 22:59:02.906 INFO [main] org.apache.coyote.AbstractProtocol.start Starting ProtocolHandler ["http-nio-8080"]
06-Jan-2019 22:59:02.914 INFO [main] org.apache.coyote.AbstractProtocol.start Starting ProtocolHandler ["ajp-nio-8009"]
06-Jan-2019 22:59:02.916 INFO [main] org.apache.catalina.startup.Catalina.start Server startup in 636 ms
06-Jan-2019 22:59:28.251 INFO [http-nio-8080-exec-4] org.apache.coyote.http11.Http11Processor.service Error parsing HTTP request header
 Note: further occurrences of HTTP request parsing errors will be logged at DEBUG level.
 java.lang.IllegalArgumentException: Invalid character found in method name. HTTP method names must be tokens
	at org.apache.coyote.http11.Http11InputBuffer.parseRequestLine(Http11InputBuffer.java:414)
	at org.apache.coyote.http11.Http11Processor.service(Http11Processor.java:294)
	at org.apache.coyote.AbstractProcessorLight.process(AbstractProcessorLight.java:66)
	at org.apache.coyote.AbstractProtocol$ConnectionHandler.process(AbstractProtocol.java:791)
	at org.apache.tomcat.util.net.NioEndpoint$SocketProcessor.doRun(NioEndpoint.java:1417)
	at org.apache.tomcat.util.net.SocketProcessorBase.run(SocketProcessorBase.java:49)
	at java.util.concurrent.ThreadPoolExecutor.runWorker(ThreadPoolExecutor.java:1149)
	at java.util.concurrent.ThreadPoolExecutor$Worker.run(ThreadPoolExecutor.java:624)
	at org.apache.tomcat.util.threads.TaskThread$WrappingRunnable.run(TaskThread.java:61)
	at java.lang.Thread.run(Thread.java:748)

06-Jan-2019 22:59:55.157 INFO [main] org.apache.catalina.core.StandardServer.await A valid shutdown command was received via the shutdown port. Stopping the Server instance.
06-Jan-2019 22:59:55.157 INFO [main] org.apache.coyote.AbstractProtocol.pause Pausing ProtocolHandler ["http-nio-8080"]
06-Jan-2019 22:59:55.166 INFO [main] org.apache.coyote.AbstractProtocol.pause Pausing ProtocolHandler ["ajp-nio-8009"]
06-Jan-2019 22:59:55.171 INFO [main] org.apache.catalina.core.StandardService.stopInternal Stopping service [Catalina]
06-Jan-2019 22:59:55.202 INFO [main] org.apache.coyote.AbstractProtocol.stop Stopping ProtocolHandler ["http-nio-8080"]
06-Jan-2019 22:59:55.203 INFO [main] org.apache.coyote.AbstractProtocol.stop Stopping ProtocolHandler ["ajp-nio-8009"]
06-Jan-2019 22:59:55.204 INFO [main] org.apache.coyote.AbstractProtocol.destroy Destroying ProtocolHandler ["http-nio-8080"]
06-Jan-2019 22:59:55.205 INFO [main] org.apache.coyote.AbstractProtocol.destroy Destroying ProtocolHandler ["ajp-nio-8009"]
